2023-07-30 07:10:50,586 [background-preinit] INFO  o.h.validator.internal.util.Version                - HV000001: Hibernate Validator 6.2.0.Final
2023-07-30 07:10:50,593 [main] INFO  o.f.t.SpringBootSecurityJwtApplication             - Starting SpringBootSecurityJwtApplication using Java 17.0.1 on lxq with PID 16268 (D:\teach\java2\java-server\target\classes started by 14983 in D:\teach\java2\java-server)
2023-07-30 07:10:50,594 [main] INFO  o.f.t.SpringBootSecurityJwtApplication             - No active profile set, falling back to default profiles: default
2023-07-30 07:10:51,114 [main] INFO  o.s.d.r.c.RepositoryConfigurationDelegate          - Multiple Spring Data modules found, entering strict repository configuration mode!
2023-07-30 07:10:51,114 [main] INFO  o.s.d.r.c.RepositoryConfigurationDelegate          - Bootstrapping Spring Data JPA repositories in DEFAULT mode.
2023-07-30 07:10:51,194 [main] INFO  o.s.d.r.c.RepositoryConfigurationDelegate          - Finished Spring Data repository scanning in 75 ms. Found 20 JPA repository interfaces.
2023-07-30 07:10:51,490 [main] INFO  o.s.c.s.PostProcessorRegistrationDelegate$BeanPostProcessorChecker - Bean 'org.springframework.security.access.expression.method.DefaultMethodSecurityExpressionHandler@1dc3502b' of type [org.springframework.security.access.expression.method.DefaultMethodSecurityExpressionHandler] is not eligible for getting processed by all BeanPostProcessors (for example: not eligible for auto-proxying)
2023-07-30 07:10:51,495 [main] INFO  o.s.c.s.PostProcessorRegistrationDelegate$BeanPostProcessorChecker - Bean 'methodSecurityMetadataSource' of type [org.springframework.security.access.method.DelegatingMethodSecurityMetadataSource] is not eligible for getting processed by all BeanPostProcessors (for example: not eligible for auto-proxying)
2023-07-30 07:10:51,893 [main] INFO  o.s.b.w.embedded.tomcat.TomcatWebServer            - Tomcat initialized with port(s): 9090 (http)
2023-07-30 07:10:51,903 [main] INFO  o.apache.coyote.http11.Http11NioProtocol           - Initializing ProtocolHandler ["http-nio-9090"]
2023-07-30 07:10:51,904 [main] INFO  org.apache.catalina.core.StandardService           - Starting service [Tomcat]
2023-07-30 07:10:51,904 [main] INFO  org.apache.catalina.core.StandardEngine            - Starting Servlet engine: [Apache Tomcat/9.0.46]
2023-07-30 07:10:51,979 [main] INFO  o.a.c.c.C.[Tomcat].[localhost].[/]                 - Initializing Spring embedded WebApplicationContext
2023-07-30 07:10:51,980 [main] INFO  o.s.b.w.s.c.ServletWebServerApplicationContext     - Root WebApplicationContext: initialization completed in 1359 ms
2023-07-30 07:10:52,103 [main] WARN  o.s.b.a.o.j.JpaBaseConfiguration$JpaWebConfiguration - spring.jpa.open-in-view is enabled by default. Therefore, database queries may be performed during view rendering. Explicitly configure spring.jpa.open-in-view to disable this warning
2023-07-30 07:10:52,163 [main] INFO  com.zaxxer.hikari.HikariDataSource                 - HikariPool-1 - Starting...
2023-07-30 07:10:52,448 [main] INFO  com.zaxxer.hikari.HikariDataSource                 - HikariPool-1 - Start completed.
2023-07-30 07:10:52,529 [main] INFO  o.hibernate.jpa.internal.util.LogHelper            - HHH000204: Processing PersistenceUnitInfo [name: default]
2023-07-30 07:10:52,658 [main] INFO  org.hibernate.Version                              - HHH000412: Hibernate ORM core version 5.4.32.Final
2023-07-30 07:10:52,747 [main] INFO  org.hibernate.annotations.common.Version           - HCANN000001: Hibernate Commons Annotations {5.1.2.Final}
2023-07-30 07:10:52,825 [main] INFO  org.hibernate.dialect.Dialect                      - HHH000400: Using dialect: org.fatmansoft.teach.sqlite.SQLDialect
2023-07-30 07:10:53,241 [main] INFO  o.h.e.t.j.p.i.JtaPlatformInitiator                 - HHH000490: Using JtaPlatform implementation: [org.hibernate.engine.transaction.jta.platform.internal.NoJtaPlatform]
2023-07-30 07:10:53,244 [main] INFO  o.s.o.j.LocalContainerEntityManagerFactoryBean     - Initialized JPA EntityManagerFactory for persistence unit 'default'
2023-07-30 07:10:54,561 [main] INFO  o.s.b.a.w.s.WelcomePageHandlerMapping              - Adding welcome page: class path resource [public/index.html]
2023-07-30 07:10:54,684 [main] INFO  o.s.s.web.DefaultSecurityFilterChain               - Will secure any request with [org.springframework.security.web.context.request.async.WebAsyncManagerIntegrationFilter@73502d5e, org.springframework.security.web.context.SecurityContextPersistenceFilter@2aeb3f3b, org.springframework.security.web.header.HeaderWriterFilter@2a7b4bb6, org.springframework.web.filter.CorsFilter@471d6571, org.springframework.security.web.authentication.logout.LogoutFilter@703947bd, org.fatmansoft.teach.security.jwt.AuthTokenFilter@4bc9389, org.springframework.security.web.savedrequest.RequestCacheAwareFilter@46ef7340, org.springframework.security.web.servletapi.SecurityContextHolderAwareRequestFilter@3013e1e8, org.springframework.security.web.authentication.AnonymousAuthenticationFilter@213bd66a, org.springframework.security.web.session.SessionManagementFilter@14af57c3, org.springframework.security.web.access.ExceptionTranslationFilter@758ac46, org.springframework.security.web.access.intercept.FilterSecurityInterceptor@1f5a1ad4]
2023-07-30 07:10:54,865 [main] INFO  o.apache.coyote.http11.Http11NioProtocol           - Starting ProtocolHandler ["http-nio-9090"]
2023-07-30 07:10:54,902 [main] INFO  o.s.b.w.embedded.tomcat.TomcatWebServer            - Tomcat started on port(s): 9090 (http) with context path ''
2023-07-30 07:10:54,912 [main] INFO  o.f.t.SpringBootSecurityJwtApplication             - Started SpringBootSecurityJwtApplication in 4.567 seconds (JVM running for 4.8)
2023-07-30 07:10:54,916 [main] INFO  o.f.t.SpringBootSecurityJwtApplication             - SystemInitStart
2023-07-30 07:10:55,000 [main] INFO  o.f.t.SpringBootSecurityJwtApplication             - systemInitEnd
2023-07-30 07:15:53,122 [http-nio-9090-exec-1] INFO  o.a.c.c.C.[Tomcat].[localhost].[/]                 - Initializing Spring DispatcherServlet 'dispatcherServlet'
2023-07-30 07:15:53,122 [http-nio-9090-exec-1] INFO  o.s.web.servlet.DispatcherServlet                  - Initializing Servlet 'dispatcherServlet'
2023-07-30 07:15:53,123 [http-nio-9090-exec-1] INFO  o.s.web.servlet.DispatcherServlet                  - Completed initialization in 1 ms
2023-07-30 07:15:53,158 [http-nio-9090-exec-1] INFO  o.f.teach.security.jwt.AuthTokenFilter             - /auth/getValidateCode,,2023-07-30 07:15:53,0.023
2023-07-30 07:15:53,191 [http-nio-9090-exec-3] INFO  o.f.teach.security.jwt.AuthTokenFilter             - /assets/index-791c92ba.css,,2023-07-30 07:15:53,0.005
2023-07-30 07:15:53,200 [http-nio-9090-exec-2] INFO  o.f.teach.security.jwt.AuthTokenFilter             - /assets/index-284e2513.js,,2023-07-30 07:15:53,0.008
2023-07-30 07:15:53,249 [http-nio-9090-exec-4] INFO  o.f.teach.security.jwt.AuthTokenFilter             - /favicon.ico,,2023-07-30 07:15:53,0.006
2023-07-30 07:15:58,164 [http-nio-9090-exec-5] INFO  o.f.teach.security.jwt.AuthTokenFilter             - /assets/index-791c92ba.css,,2023-07-30 07:15:58,0.003
2023-07-30 07:16:13,238 [http-nio-9090-exec-6] INFO  o.f.teach.security.jwt.AuthTokenFilter             - /auth/getValidateCode,,2023-07-30 07:16:13,0.006
2023-07-30 07:16:13,258 [http-nio-9090-exec-8] INFO  o.f.teach.security.jwt.AuthTokenFilter             - /assets/index-791c92ba.css,,2023-07-30 07:16:13,0.004
2023-07-30 07:16:13,262 [http-nio-9090-exec-7] INFO  o.f.teach.security.jwt.AuthTokenFilter             - /assets/index-284e2513.js,,2023-07-30 07:16:13,0.008
2023-07-30 07:16:13,326 [http-nio-9090-exec-9] INFO  o.f.teach.security.jwt.AuthTokenFilter             - /favicon.ico,,2023-07-30 07:16:13,0.003
2023-07-30 07:17:37,194 [SpringApplicationShutdownHook] INFO  o.s.o.j.LocalContainerEntityManagerFactoryBean     - Closing JPA EntityManagerFactory for persistence unit 'default'
2023-07-30 07:17:37,195 [SpringApplicationShutdownHook] INFO  com.zaxxer.hikari.HikariDataSource                 - HikariPool-1 - Shutdown initiated...
2023-07-30 07:17:37,196 [SpringApplicationShutdownHook] INFO  com.zaxxer.hikari.HikariDataSource                 - HikariPool-1 - Shutdown completed.
2023-07-30 07:17:40,042 [background-preinit] INFO  o.h.validator.internal.util.Version                - HV000001: Hibernate Validator 6.2.0.Final
2023-07-30 07:17:40,049 [main] INFO  o.f.t.SpringBootSecurityJwtApplication             - Starting SpringBootSecurityJwtApplication using Java 17.0.1 on lxq with PID 2764 (D:\teach\java2\java-server\target\classes started by 14983 in D:\teach\java2\java-server)
2023-07-30 07:17:40,049 [main] INFO  o.f.t.SpringBootSecurityJwtApplication             - No active profile set, falling back to default profiles: default
2023-07-30 07:17:40,557 [main] INFO  o.s.d.r.c.RepositoryConfigurationDelegate          - Multiple Spring Data modules found, entering strict repository configuration mode!
2023-07-30 07:17:40,558 [main] INFO  o.s.d.r.c.RepositoryConfigurationDelegate          - Bootstrapping Spring Data JPA repositories in DEFAULT mode.
2023-07-30 07:17:40,644 [main] INFO  o.s.d.r.c.RepositoryConfigurationDelegate          - Finished Spring Data repository scanning in 76 ms. Found 20 JPA repository interfaces.
2023-07-30 07:17:40,923 [main] INFO  o.s.c.s.PostProcessorRegistrationDelegate$BeanPostProcessorChecker - Bean 'org.springframework.security.access.expression.method.DefaultMethodSecurityExpressionHandler@1457fde' of type [org.springframework.security.access.expression.method.DefaultMethodSecurityExpressionHandler] is not eligible for getting processed by all BeanPostProcessors (for example: not eligible for auto-proxying)
2023-07-30 07:17:40,926 [main] INFO  o.s.c.s.PostProcessorRegistrationDelegate$BeanPostProcessorChecker - Bean 'methodSecurityMetadataSource' of type [org.springframework.security.access.method.DelegatingMethodSecurityMetadataSource] is not eligible for getting processed by all BeanPostProcessors (for example: not eligible for auto-proxying)
2023-07-30 07:17:41,230 [main] INFO  o.s.b.w.embedded.tomcat.TomcatWebServer            - Tomcat initialized with port(s): 9090 (http)
2023-07-30 07:17:41,239 [main] INFO  o.apache.coyote.http11.Http11NioProtocol           - Initializing ProtocolHandler ["http-nio-9090"]
2023-07-30 07:17:41,239 [main] INFO  org.apache.catalina.core.StandardService           - Starting service [Tomcat]
2023-07-30 07:17:41,240 [main] INFO  org.apache.catalina.core.StandardEngine            - Starting Servlet engine: [Apache Tomcat/9.0.46]
2023-07-30 07:17:41,306 [main] INFO  o.a.c.c.C.[Tomcat].[localhost].[/]                 - Initializing Spring embedded WebApplicationContext
2023-07-30 07:17:41,306 [main] INFO  o.s.b.w.s.c.ServletWebServerApplicationContext     - Root WebApplicationContext: initialization completed in 1232 ms
2023-07-30 07:17:41,410 [main] WARN  o.s.b.a.o.j.JpaBaseConfiguration$JpaWebConfiguration - spring.jpa.open-in-view is enabled by default. Therefore, database queries may be performed during view rendering. Explicitly configure spring.jpa.open-in-view to disable this warning
2023-07-30 07:17:41,454 [main] INFO  com.zaxxer.hikari.HikariDataSource                 - HikariPool-1 - Starting...
2023-07-30 07:17:41,731 [main] INFO  com.zaxxer.hikari.HikariDataSource                 - HikariPool-1 - Start completed.
2023-07-30 07:17:41,828 [main] INFO  o.hibernate.jpa.internal.util.LogHelper            - HHH000204: Processing PersistenceUnitInfo [name: default]
2023-07-30 07:17:41,954 [main] INFO  org.hibernate.Version                              - HHH000412: Hibernate ORM core version 5.4.32.Final
2023-07-30 07:17:42,060 [main] INFO  org.hibernate.annotations.common.Version           - HCANN000001: Hibernate Commons Annotations {5.1.2.Final}
2023-07-30 07:17:42,123 [main] INFO  org.hibernate.dialect.Dialect                      - HHH000400: Using dialect: org.fatmansoft.teach.sqlite.SQLDialect
2023-07-30 07:17:42,546 [main] INFO  o.h.e.t.j.p.i.JtaPlatformInitiator                 - HHH000490: Using JtaPlatform implementation: [org.hibernate.engine.transaction.jta.platform.internal.NoJtaPlatform]
2023-07-30 07:17:42,550 [main] INFO  o.s.o.j.LocalContainerEntityManagerFactoryBean     - Initialized JPA EntityManagerFactory for persistence unit 'default'
2023-07-30 07:17:43,753 [main] INFO  o.s.b.a.w.s.WelcomePageHandlerMapping              - Adding welcome page: class path resource [public/index.html]
2023-07-30 07:17:43,870 [main] INFO  o.s.s.web.DefaultSecurityFilterChain               - Will secure any request with [org.springframework.security.web.context.request.async.WebAsyncManagerIntegrationFilter@5692863, org.springframework.security.web.context.SecurityContextPersistenceFilter@3cc2c4b8, org.springframework.security.web.header.HeaderWriterFilter@3d67e3d3, org.springframework.web.filter.CorsFilter@77a1df4d, org.springframework.security.web.authentication.logout.LogoutFilter@3bdc8975, org.fatmansoft.teach.security.jwt.AuthTokenFilter@73b10975, org.springframework.security.web.savedrequest.RequestCacheAwareFilter@1fc4b8d6, org.springframework.security.web.servletapi.SecurityContextHolderAwareRequestFilter@4c57ca10, org.springframework.security.web.authentication.AnonymousAuthenticationFilter@5bbb0a25, org.springframework.security.web.session.SessionManagementFilter@61cff1e4, org.springframework.security.web.access.ExceptionTranslationFilter@7fa2473a, org.springframework.security.web.access.intercept.FilterSecurityInterceptor@3c130cb2]
2023-07-30 07:17:44,038 [main] INFO  o.apache.coyote.http11.Http11NioProtocol           - Starting ProtocolHandler ["http-nio-9090"]
2023-07-30 07:17:44,077 [main] INFO  o.s.b.w.embedded.tomcat.TomcatWebServer            - Tomcat started on port(s): 9090 (http) with context path ''
2023-07-30 07:17:44,087 [main] INFO  o.f.t.SpringBootSecurityJwtApplication             - Started SpringBootSecurityJwtApplication in 4.296 seconds (JVM running for 4.538)
2023-07-30 07:17:44,091 [main] INFO  o.f.t.SpringBootSecurityJwtApplication             - SystemInitStart
2023-07-30 07:17:44,177 [main] INFO  o.f.t.SpringBootSecurityJwtApplication             - systemInitEnd
2023-07-30 07:18:01,062 [http-nio-9090-exec-1] INFO  o.a.c.c.C.[Tomcat].[localhost].[/]                 - Initializing Spring DispatcherServlet 'dispatcherServlet'
2023-07-30 07:18:01,062 [http-nio-9090-exec-1] INFO  o.s.web.servlet.DispatcherServlet                  - Initializing Servlet 'dispatcherServlet'
2023-07-30 07:18:01,063 [http-nio-9090-exec-1] INFO  o.s.web.servlet.DispatcherServlet                  - Completed initialization in 1 ms
2023-07-30 07:18:01,317 [http-nio-9090-exec-1] INFO  o.f.teach.security.jwt.AuthTokenFilter             - /auth/getValidateCode,,2023-07-30 07:18:01,0.238
2023-07-30 07:18:08,044 [http-nio-9090-exec-2] INFO  o.f.teach.security.jwt.AuthTokenFilter             - /auth/testValidateInfo,,2023-07-30 07:18:08,0.005
2023-07-30 07:18:08,197 [http-nio-9090-exec-3] ERROR o.f.teach.security.jwt.AuthEntryPointJwt           - Unauthorized error: /auth/login:Bad credentials
2023-07-30 07:18:08,197 [http-nio-9090-exec-3] INFO  o.f.teach.security.jwt.AuthTokenFilter             - /auth/login,,2023-07-30 07:18:08,0.147
2023-07-30 07:18:24,996 [http-nio-9090-exec-4] INFO  o.f.teach.security.jwt.AuthTokenFilter             - /auth/testValidateInfo,,2023-07-30 07:18:24,0.004
2023-07-30 07:18:25,402 [http-nio-9090-exec-5] INFO  o.f.teach.security.jwt.AuthTokenFilter             - /auth/login,,2023-07-30 07:18:25,0.092
2023-07-30 07:18:25,601 [http-nio-9090-exec-6] INFO  o.f.teach.security.jwt.AuthTokenFilter             - /api/base/getMenuList,admin,2023-07-30 07:18:25,0.023
2023-07-30 07:18:25,730 [http-nio-9090-exec-7] INFO  o.f.teach.security.jwt.AuthTokenFilter             - /auth/getValidateCode,admin,2023-07-30 07:18:25,0.008
2023-07-30 07:18:26,059 [http-nio-9090-exec-8] INFO  o.f.teach.security.jwt.AuthTokenFilter             - /api/statistics/getMainPageData,admin,2023-07-30 07:18:26,0.012
2023-07-30 07:18:34,723 [http-nio-9090-exec-9] INFO  o.f.teach.security.jwt.AuthTokenFilter             - /api/statistics/getMainPageData,admin,2023-07-30 07:18:34,0.006
2023-07-30 07:18:35,792 [http-nio-9090-exec-10] INFO  o.f.teach.security.jwt.AuthTokenFilter             - /api/score/getScoreList,admin,2023-07-30 07:18:35,0.008
2023-07-30 07:18:36,110 [http-nio-9090-exec-1] INFO  o.f.teach.security.jwt.AuthTokenFilter             - /api/score/getStudentItemOptionList,admin,2023-07-30 07:18:36,0.005
2023-07-30 07:18:36,367 [http-nio-9090-exec-2] INFO  o.f.teach.security.jwt.AuthTokenFilter             - /api/score/getCourseItemOptionList,admin,2023-07-30 07:18:36,0.008
2023-07-30 07:19:06,333 [http-nio-9090-exec-3] ERROR o.f.teach.security.jwt.AuthEntryPointJwt           - Unauthorized error: /api/score/getScoreList:Full authentication is required to access this resource
2023-07-30 07:19:06,333 [http-nio-9090-exec-3] INFO  o.f.teach.security.jwt.AuthTokenFilter             - /api/score/getScoreList,,2023-07-30 07:19:06,0.001
2023-07-30 07:19:06,646 [http-nio-9090-exec-4] INFO  o.f.teach.security.jwt.AuthTokenFilter             - /auth/getValidateCode,,2023-07-30 07:19:06,0.003
2023-07-30 07:20:14,784 [http-nio-9090-exec-5] ERROR o.f.teach.security.jwt.AuthEntryPointJwt           - Unauthorized error: /api/score/getCourseItemOptionList:Full authentication is required to access this resource
2023-07-30 07:20:14,785 [http-nio-9090-exec-5] INFO  o.f.teach.security.jwt.AuthTokenFilter             - /api/score/getCourseItemOptionList,,2023-07-30 07:20:14,0.001
2023-07-30 07:37:09,226 [SpringApplicationShutdownHook] INFO  o.s.o.j.LocalContainerEntityManagerFactoryBean     - Closing JPA EntityManagerFactory for persistence unit 'default'
2023-07-30 07:37:09,227 [SpringApplicationShutdownHook] INFO  com.zaxxer.hikari.HikariDataSource                 - HikariPool-1 - Shutdown initiated...
2023-07-30 07:37:09,229 [SpringApplicationShutdownHook] INFO  com.zaxxer.hikari.HikariDataSource                 - HikariPool-1 - Shutdown completed.
2023-07-30 16:57:09,579 [background-preinit] INFO  o.h.validator.internal.util.Version                - HV000001: Hibernate Validator 6.2.0.Final
2023-07-30 16:57:09,585 [main] INFO  o.f.t.SpringBootSecurityJwtApplication             - Starting SpringBootSecurityJwtApplication using Java 17.0.1 on lxq with PID 30416 (D:\teach\java2\java-server\target\classes started by 14983 in D:\teach\java2\java-server)
2023-07-30 16:57:09,585 [main] INFO  o.f.t.SpringBootSecurityJwtApplication             - No active profile set, falling back to default profiles: default
2023-07-30 16:57:10,089 [main] INFO  o.s.d.r.c.RepositoryConfigurationDelegate          - Multiple Spring Data modules found, entering strict repository configuration mode!
2023-07-30 16:57:10,090 [main] INFO  o.s.d.r.c.RepositoryConfigurationDelegate          - Bootstrapping Spring Data JPA repositories in DEFAULT mode.
2023-07-30 16:57:10,171 [main] INFO  o.s.d.r.c.RepositoryConfigurationDelegate          - Finished Spring Data repository scanning in 76 ms. Found 20 JPA repository interfaces.
2023-07-30 16:57:10,455 [main] INFO  o.s.c.s.PostProcessorRegistrationDelegate$BeanPostProcessorChecker - Bean 'org.springframework.security.access.expression.method.DefaultMethodSecurityExpressionHandler@2f4c2cd4' of type [org.springframework.security.access.expression.method.DefaultMethodSecurityExpressionHandler] is not eligible for getting processed by all BeanPostProcessors (for example: not eligible for auto-proxying)
2023-07-30 16:57:10,458 [main] INFO  o.s.c.s.PostProcessorRegistrationDelegate$BeanPostProcessorChecker - Bean 'methodSecurityMetadataSource' of type [org.springframework.security.access.method.DelegatingMethodSecurityMetadataSource] is not eligible for getting processed by all BeanPostProcessors (for example: not eligible for auto-proxying)
2023-07-30 16:57:10,856 [main] INFO  o.s.b.w.embedded.tomcat.TomcatWebServer            - Tomcat initialized with port(s): 9090 (http)
2023-07-30 16:57:10,863 [main] INFO  o.apache.coyote.http11.Http11NioProtocol           - Initializing ProtocolHandler ["http-nio-9090"]
2023-07-30 16:57:10,863 [main] INFO  org.apache.catalina.core.StandardService           - Starting service [Tomcat]
2023-07-30 16:57:10,863 [main] INFO  org.apache.catalina.core.StandardEngine            - Starting Servlet engine: [Apache Tomcat/9.0.46]
2023-07-30 16:57:10,947 [main] INFO  o.a.c.c.C.[Tomcat].[localhost].[/]                 - Initializing Spring embedded WebApplicationContext
2023-07-30 16:57:10,947 [main] INFO  o.s.b.w.s.c.ServletWebServerApplicationContext     - Root WebApplicationContext: initialization completed in 1336 ms
2023-07-30 16:57:11,062 [main] WARN  o.s.b.a.o.j.JpaBaseConfiguration$JpaWebConfiguration - spring.jpa.open-in-view is enabled by default. Therefore, database queries may be performed during view rendering. Explicitly configure spring.jpa.open-in-view to disable this warning
2023-07-30 16:57:11,107 [main] INFO  com.zaxxer.hikari.HikariDataSource                 - HikariPool-1 - Starting...
2023-07-30 16:57:11,348 [main] INFO  com.zaxxer.hikari.HikariDataSource                 - HikariPool-1 - Start completed.
2023-07-30 16:57:11,471 [main] INFO  o.hibernate.jpa.internal.util.LogHelper            - HHH000204: Processing PersistenceUnitInfo [name: default]
2023-07-30 16:57:11,580 [main] INFO  org.hibernate.Version                              - HHH000412: Hibernate ORM core version 5.4.32.Final
2023-07-30 16:57:11,689 [main] INFO  org.hibernate.annotations.common.Version           - HCANN000001: Hibernate Commons Annotations {5.1.2.Final}
2023-07-30 16:57:11,757 [main] INFO  org.hibernate.dialect.Dialect                      - HHH000400: Using dialect: org.fatmansoft.teach.sqlite.SQLDialect
2023-07-30 16:57:12,168 [main] INFO  o.h.e.t.j.p.i.JtaPlatformInitiator                 - HHH000490: Using JtaPlatform implementation: [org.hibernate.engine.transaction.jta.platform.internal.NoJtaPlatform]
2023-07-30 16:57:12,173 [main] INFO  o.s.o.j.LocalContainerEntityManagerFactoryBean     - Initialized JPA EntityManagerFactory for persistence unit 'default'
2023-07-30 16:57:13,494 [main] INFO  o.s.b.a.w.s.WelcomePageHandlerMapping              - Adding welcome page: class path resource [public/index.html]
2023-07-30 16:57:13,607 [main] INFO  o.s.s.web.DefaultSecurityFilterChain               - Will secure any request with [org.springframework.security.web.context.request.async.WebAsyncManagerIntegrationFilter@7af2ee23, org.springframework.security.web.context.SecurityContextPersistenceFilter@2a7b4bb6, org.springframework.security.web.header.HeaderWriterFilter@73483d4b, org.springframework.web.filter.CorsFilter@5d10e2b6, org.springframework.security.web.authentication.logout.LogoutFilter@4c57ca10, org.fatmansoft.teach.security.jwt.AuthTokenFilter@46610fc9, org.springframework.security.web.savedrequest.RequestCacheAwareFilter@5466a819, org.springframework.security.web.servletapi.SecurityContextHolderAwareRequestFilter@30d944d8, org.springframework.security.web.authentication.AnonymousAuthenticationFilter@267309f7, org.springframework.security.web.session.SessionManagementFilter@498f1f63, org.springframework.security.web.access.ExceptionTranslationFilter@6bc08a77, org.springframework.security.web.access.intercept.FilterSecurityInterceptor@1f2d0ca2]
2023-07-30 16:57:13,784 [main] INFO  o.apache.coyote.http11.Http11NioProtocol           - Starting ProtocolHandler ["http-nio-9090"]
2023-07-30 16:57:13,814 [main] INFO  o.s.b.w.embedded.tomcat.TomcatWebServer            - Tomcat started on port(s): 9090 (http) with context path ''
2023-07-30 16:57:13,825 [main] INFO  o.f.t.SpringBootSecurityJwtApplication             - Started SpringBootSecurityJwtApplication in 4.497 seconds (JVM running for 4.792)
2023-07-30 16:57:13,829 [main] INFO  o.f.t.SpringBootSecurityJwtApplication             - SystemInitStart
2023-07-30 16:57:13,903 [main] INFO  o.f.t.SpringBootSecurityJwtApplication             - systemInitEnd
2023-07-30 16:57:42,346 [http-nio-9090-exec-1] INFO  o.a.c.c.C.[Tomcat].[localhost].[/]                 - Initializing Spring DispatcherServlet 'dispatcherServlet'
2023-07-30 16:57:42,346 [http-nio-9090-exec-1] INFO  o.s.web.servlet.DispatcherServlet                  - Initializing Servlet 'dispatcherServlet'
2023-07-30 16:57:42,347 [http-nio-9090-exec-1] INFO  o.s.web.servlet.DispatcherServlet                  - Completed initialization in 0 ms
2023-07-30 16:57:42,670 [http-nio-9090-exec-1] INFO  o.f.teach.security.jwt.AuthTokenFilter             - /auth/getValidateCode,,2023-07-30 16:57:42,0.304
2023-07-30 17:03:15,030 [http-nio-9090-exec-2] INFO  o.f.teach.security.jwt.AuthTokenFilter             - /auth/getValidateCode,,2023-07-30 17:03:15,0.005
2023-07-30 17:03:26,625 [http-nio-9090-exec-3] INFO  o.f.teach.security.jwt.AuthTokenFilter             - /auth/testValidateInfo,,2023-07-30 17:03:26,0.003
2023-07-30 17:03:26,795 [http-nio-9090-exec-4] INFO  o.f.teach.security.jwt.AuthTokenFilter             - /auth/login,,2023-07-30 17:03:26,0.163
2023-07-30 17:03:26,815 [http-nio-9090-exec-6] INFO  o.f.teach.security.jwt.AuthTokenFilter             - /auth/getValidateCode,admin,2023-07-30 17:03:26,0.01
2023-07-30 17:03:26,832 [http-nio-9090-exec-5] INFO  o.f.teach.security.jwt.AuthTokenFilter             - /api/base/getMenuList,admin,2023-07-30 17:03:26,0.018
2023-07-30 17:03:29,057 [http-nio-9090-exec-7] INFO  o.f.teach.security.jwt.AuthTokenFilter             - /auth/getValidateCode,admin,2023-07-30 17:03:29,0.006
2023-07-30 17:03:29,295 [http-nio-9090-exec-9] INFO  o.f.teach.security.jwt.AuthTokenFilter             - /auth/getValidateCode,admin,2023-07-30 17:03:29,0.005
2023-07-30 17:03:39,972 [http-nio-9090-exec-8] INFO  o.f.teach.security.jwt.AuthTokenFilter             - /auth/getValidateCode,,2023-07-30 17:03:39,0.006
2023-07-30 17:03:44,335 [http-nio-9090-exec-10] INFO  o.f.teach.security.jwt.AuthTokenFilter             - /auth/testValidateInfo,,2023-07-30 17:03:44,0.001
2023-07-30 17:03:44,710 [http-nio-9090-exec-1] INFO  o.f.teach.security.jwt.AuthTokenFilter             - /auth/login,,2023-07-30 17:03:44,0.06
2023-07-30 17:03:44,924 [http-nio-9090-exec-2] INFO  o.f.teach.security.jwt.AuthTokenFilter             - /auth/getValidateCode,admin,2023-07-30 17:03:44,0.009
2023-07-30 17:03:45,031 [http-nio-9090-exec-3] INFO  o.f.teach.security.jwt.AuthTokenFilter             - /api/base/getMenuList,admin,2023-07-30 17:03:45,0.008
2023-07-30 17:03:45,157 [http-nio-9090-exec-4] INFO  o.f.teach.security.jwt.AuthTokenFilter             - /api/statistics/getMainPageData,admin,2023-07-30 17:03:45,0.009
2023-07-30 17:05:53,203 [http-nio-9090-exec-6] INFO  o.f.teach.security.jwt.AuthTokenFilter             - /auth/getValidateCode,admin,2023-07-30 17:05:53,0.015
2023-07-30 17:05:56,528 [http-nio-9090-exec-5] INFO  o.f.teach.security.jwt.AuthTokenFilter             - /auth/getValidateCode,admin,2023-07-30 17:05:56,0.005
2023-07-30 17:05:58,743 [http-nio-9090-exec-7] INFO  o.f.teach.security.jwt.AuthTokenFilter             - /auth/getValidateCode,,2023-07-30 17:05:58,0.007
2023-07-30 17:06:06,891 [http-nio-9090-exec-9] INFO  o.f.teach.security.jwt.AuthTokenFilter             - /auth/testValidateInfo,,2023-07-30 17:06:06,0.004
2023-07-30 17:06:06,945 [http-nio-9090-exec-8] INFO  o.f.teach.security.jwt.AuthTokenFilter             - /auth/login,,2023-07-30 17:06:06,0.048
2023-07-30 17:06:06,967 [http-nio-9090-exec-10] INFO  o.f.teach.security.jwt.AuthTokenFilter             - /auth/getValidateCode,admin,2023-07-30 17:06:06,0.003
2023-07-30 17:06:06,975 [http-nio-9090-exec-1] INFO  o.f.teach.security.jwt.AuthTokenFilter             - /api/base/getMenuList,admin,2023-07-30 17:06:06,0.008
2023-07-30 17:06:07,031 [http-nio-9090-exec-2] INFO  o.f.teach.security.jwt.AuthTokenFilter             - /api/statistics/getMainPageData,admin,2023-07-30 17:06:07,0.002
2023-07-30 17:06:15,763 [http-nio-9090-exec-3] INFO  o.f.teach.security.jwt.AuthTokenFilter             - /api/score/getScoreList,admin,2023-07-30 17:06:15,0.006
2023-07-30 17:06:15,973 [http-nio-9090-exec-4] INFO  o.f.teach.security.jwt.AuthTokenFilter             - /api/score/getStudentItemOptionList,admin,2023-07-30 17:06:15,0.013
2023-07-30 17:06:16,037 [http-nio-9090-exec-6] INFO  o.f.teach.security.jwt.AuthTokenFilter             - /api/score/getCourseItemOptionList,admin,2023-07-30 17:06:16,0.016
2023-07-30 17:06:17,160 [http-nio-9090-exec-5] INFO  o.f.teach.security.jwt.AuthTokenFilter             - /api/course/getCourseList,admin,2023-07-30 17:06:17,0.005
2023-07-30 17:06:19,311 [http-nio-9090-exec-7] INFO  o.f.teach.security.jwt.AuthTokenFilter             - /api/statistics/getMainPageData,admin,2023-07-30 17:06:19,0.01
2023-07-30 17:06:22,950 [http-nio-9090-exec-9] INFO  o.f.teach.security.jwt.AuthTokenFilter             - /api/student/getStudentPageData,admin,2023-07-30 17:06:22,0.012
2023-07-30 17:06:24,046 [http-nio-9090-exec-8] INFO  o.f.teach.security.jwt.AuthTokenFilter             - /api/statistics/getMainPageData,admin,2023-07-30 17:06:24,0.001
2023-07-30 17:06:24,323 [http-nio-9090-exec-10] INFO  o.f.teach.security.jwt.AuthTokenFilter             - /auth/getValidateCode,admin,2023-07-30 17:06:24,0.0
2023-07-30 17:06:24,359 [http-nio-9090-exec-1] INFO  o.f.teach.security.jwt.AuthTokenFilter             - /api/statistics/getMainPageData,admin,2023-07-30 17:06:24,0.004
2023-07-30 17:06:29,472 [http-nio-9090-exec-2] INFO  o.f.teach.security.jwt.AuthTokenFilter             - /api/student/getStudentPageData,admin,2023-07-30 17:06:29,0.006
2023-07-30 17:06:34,478 [http-nio-9090-exec-3] INFO  o.f.teach.security.jwt.AuthTokenFilter             - /api/teacher/getTeacherList,admin,2023-07-30 17:06:34,0.014
2023-07-30 17:06:37,577 [http-nio-9090-exec-4] INFO  o.f.teach.security.jwt.AuthTokenFilter             - /api/student/getStudentPageData,admin,2023-07-30 17:06:37,0.002
2023-07-30 17:06:39,554 [http-nio-9090-exec-6] INFO  o.f.teach.security.jwt.AuthTokenFilter             - /api/statistics/getMainPageData,admin,2023-07-30 17:06:39,0.006
2023-07-30 17:06:43,373 [http-nio-9090-exec-5] INFO  o.f.teach.security.jwt.AuthTokenFilter             - /api/student/getStudentPageData,admin,2023-07-30 17:06:43,0.006
2023-07-30 17:06:45,225 [http-nio-9090-exec-7] INFO  o.f.teach.security.jwt.AuthTokenFilter             - /api/teacher/getTeacherList,admin,2023-07-30 17:06:45,0.005
2023-07-30 17:32:23,284 [http-nio-9090-exec-9] INFO  o.f.teach.security.jwt.AuthTokenFilter             - /auth/getValidateCode,admin,2023-07-30 17:32:23,0.006
2023-07-30 17:36:33,527 [SpringApplicationShutdownHook] INFO  o.s.o.j.LocalContainerEntityManagerFactoryBean     - Closing JPA EntityManagerFactory for persistence unit 'default'
2023-07-30 17:36:33,528 [SpringApplicationShutdownHook] INFO  com.zaxxer.hikari.HikariDataSource                 - HikariPool-1 - Shutdown initiated...
2023-07-30 17:36:33,530 [SpringApplicationShutdownHook] INFO  com.zaxxer.hikari.HikariDataSource                 - HikariPool-1 - Shutdown completed.
2023-07-30 19:24:36,699 [background-preinit] INFO  o.h.validator.internal.util.Version                - HV000001: Hibernate Validator 6.2.0.Final
2023-07-30 19:24:36,703 [main] INFO  o.f.t.SpringBootSecurityJwtApplication             - Starting SpringBootSecurityJwtApplication using Java 17.0.1 on lxq with PID 3344 (D:\teach\java2\java-server\target\classes started by 14983 in D:\teach\java2\java-server)
2023-07-30 19:24:36,703 [main] INFO  o.f.t.SpringBootSecurityJwtApplication             - No active profile set, falling back to default profiles: default
2023-07-30 19:24:37,231 [main] INFO  o.s.d.r.c.RepositoryConfigurationDelegate          - Multiple Spring Data modules found, entering strict repository configuration mode!
2023-07-30 19:24:37,232 [main] INFO  o.s.d.r.c.RepositoryConfigurationDelegate          - Bootstrapping Spring Data JPA repositories in DEFAULT mode.
2023-07-30 19:24:37,320 [main] INFO  o.s.d.r.c.RepositoryConfigurationDelegate          - Finished Spring Data repository scanning in 83 ms. Found 20 JPA repository interfaces.
2023-07-30 19:24:37,657 [main] INFO  o.s.c.s.PostProcessorRegistrationDelegate$BeanPostProcessorChecker - Bean 'org.springframework.security.access.expression.method.DefaultMethodSecurityExpressionHandler@1457fde' of type [org.springframework.security.access.expression.method.DefaultMethodSecurityExpressionHandler] is not eligible for getting processed by all BeanPostProcessors (for example: not eligible for auto-proxying)
2023-07-30 19:24:37,659 [main] INFO  o.s.c.s.PostProcessorRegistrationDelegate$BeanPostProcessorChecker - Bean 'methodSecurityMetadataSource' of type [org.springframework.security.access.method.DelegatingMethodSecurityMetadataSource] is not eligible for getting processed by all BeanPostProcessors (for example: not eligible for auto-proxying)
2023-07-30 19:24:38,000 [main] INFO  o.s.b.w.embedded.tomcat.TomcatWebServer            - Tomcat initialized with port(s): 9090 (http)
2023-07-30 19:24:38,008 [main] INFO  o.apache.coyote.http11.Http11NioProtocol           - Initializing ProtocolHandler ["http-nio-9090"]
2023-07-30 19:24:38,009 [main] INFO  org.apache.catalina.core.StandardService           - Starting service [Tomcat]
2023-07-30 19:24:38,009 [main] INFO  org.apache.catalina.core.StandardEngine            - Starting Servlet engine: [Apache Tomcat/9.0.46]
2023-07-30 19:24:38,095 [main] INFO  o.a.c.c.C.[Tomcat].[localhost].[/]                 - Initializing Spring embedded WebApplicationContext
2023-07-30 19:24:38,095 [main] INFO  o.s.b.w.s.c.ServletWebServerApplicationContext     - Root WebApplicationContext: initialization completed in 1362 ms
2023-07-30 19:24:38,236 [main] WARN  o.s.b.a.o.j.JpaBaseConfiguration$JpaWebConfiguration - spring.jpa.open-in-view is enabled by default. Therefore, database queries may be performed during view rendering. Explicitly configure spring.jpa.open-in-view to disable this warning
2023-07-30 19:24:38,290 [main] INFO  com.zaxxer.hikari.HikariDataSource                 - HikariPool-1 - Starting...
2023-07-30 19:24:38,608 [main] INFO  com.zaxxer.hikari.HikariDataSource                 - HikariPool-1 - Start completed.
2023-07-30 19:24:38,683 [main] INFO  o.hibernate.jpa.internal.util.LogHelper            - HHH000204: Processing PersistenceUnitInfo [name: default]
2023-07-30 19:24:38,788 [main] INFO  org.hibernate.Version                              - HHH000412: Hibernate ORM core version 5.4.32.Final
2023-07-30 19:24:38,920 [main] INFO  org.hibernate.annotations.common.Version           - HCANN000001: Hibernate Commons Annotations {5.1.2.Final}
2023-07-30 19:24:38,997 [main] INFO  org.hibernate.dialect.Dialect                      - HHH000400: Using dialect: org.fatmansoft.teach.sqlite.SQLDialect
2023-07-30 19:24:39,416 [main] INFO  o.h.e.t.j.p.i.JtaPlatformInitiator                 - HHH000490: Using JtaPlatform implementation: [org.hibernate.engine.transaction.jta.platform.internal.NoJtaPlatform]
2023-07-30 19:24:39,420 [main] INFO  o.s.o.j.LocalContainerEntityManagerFactoryBean     - Initialized JPA EntityManagerFactory for persistence unit 'default'
2023-07-30 19:24:40,885 [main] INFO  o.s.b.a.w.s.WelcomePageHandlerMapping              - Adding welcome page: class path resource [public/index.html]
2023-07-30 19:24:41,003 [main] INFO  o.s.s.web.DefaultSecurityFilterChain               - Will secure any request with [org.springframework.security.web.context.request.async.WebAsyncManagerIntegrationFilter@70fe33fa, org.springframework.security.web.context.SecurityContextPersistenceFilter@4197e859, org.springframework.security.web.header.HeaderWriterFilter@30b29f55, org.springframework.web.filter.CorsFilter@3dfaa1e4, org.springframework.security.web.authentication.logout.LogoutFilter@3013e1e8, org.fatmansoft.teach.security.jwt.AuthTokenFilter@61c3d7ac, org.springframework.security.web.savedrequest.RequestCacheAwareFilter@4bdbfbc6, org.springframework.security.web.servletapi.SecurityContextHolderAwareRequestFilter@3a1e5fa7, org.springframework.security.web.authentication.AnonymousAuthenticationFilter@796a7c9, org.springframework.security.web.session.SessionManagementFilter@8961e55, org.springframework.security.web.access.ExceptionTranslationFilter@399a5a52, org.springframework.security.web.access.intercept.FilterSecurityInterceptor@237b54bc]
2023-07-30 19:24:41,227 [main] INFO  o.apache.coyote.http11.Http11NioProtocol           - Starting ProtocolHandler ["http-nio-9090"]
2023-07-30 19:24:41,292 [main] INFO  o.s.b.w.embedded.tomcat.TomcatWebServer            - Tomcat started on port(s): 9090 (http) with context path ''
2023-07-30 19:24:41,303 [main] INFO  o.f.t.SpringBootSecurityJwtApplication             - Started SpringBootSecurityJwtApplication in 4.883 seconds (JVM running for 5.331)
2023-07-30 19:24:41,307 [main] INFO  o.f.t.SpringBootSecurityJwtApplication             - SystemInitStart
2023-07-30 19:24:41,419 [main] INFO  o.f.t.SpringBootSecurityJwtApplication             - systemInitEnd
2023-07-30 19:25:04,113 [http-nio-9090-exec-1] INFO  o.a.c.c.C.[Tomcat].[localhost].[/]                 - Initializing Spring DispatcherServlet 'dispatcherServlet'
2023-07-30 19:25:04,113 [http-nio-9090-exec-1] INFO  o.s.web.servlet.DispatcherServlet                  - Initializing Servlet 'dispatcherServlet'
2023-07-30 19:25:04,114 [http-nio-9090-exec-1] INFO  o.s.web.servlet.DispatcherServlet                  - Completed initialization in 1 ms
2023-07-30 19:25:04,584 [http-nio-9090-exec-1] INFO  o.f.teach.security.jwt.AuthTokenFilter             - /auth/getValidateCode,admin,2023-07-30 19:25:04,0.448
