2023-08-03 13:03:23,922 [background-preinit] INFO  o.h.validator.internal.util.Version                - HV000001: Hibernate Validator 6.2.0.Final
2023-08-03 13:03:23,934 [main] INFO  o.f.t.SpringBootSecurityJwtApplication             - Starting SpringBootSecurityJwtApplication using Java 17.0.1 on lxq with PID 27040 (D:\teach\java2\java-server\target\classes started by 14983 in D:\teach\java2\java-server)
2023-08-03 13:03:23,935 [main] INFO  o.f.t.SpringBootSecurityJwtApplication             - No active profile set, falling back to default profiles: default
2023-08-03 13:03:24,489 [main] INFO  o.s.d.r.c.RepositoryConfigurationDelegate          - Multiple Spring Data modules found, entering strict repository configuration mode!
2023-08-03 13:03:24,490 [main] INFO  o.s.d.r.c.RepositoryConfigurationDelegate          - Bootstrapping Spring Data JPA repositories in DEFAULT mode.
2023-08-03 13:03:24,564 [main] INFO  o.s.d.r.c.RepositoryConfigurationDelegate          - Finished Spring Data repository scanning in 69 ms. Found 20 JPA repository interfaces.
2023-08-03 13:03:24,865 [main] INFO  o.s.c.s.PostProcessorRegistrationDelegate$BeanPostProcessorChecker - Bean 'org.springframework.security.access.expression.method.DefaultMethodSecurityExpressionHandler@58f39564' of type [org.springframework.security.access.expression.method.DefaultMethodSecurityExpressionHandler] is not eligible for getting processed by all BeanPostProcessors (for example: not eligible for auto-proxying)
2023-08-03 13:03:24,867 [main] INFO  o.s.c.s.PostProcessorRegistrationDelegate$BeanPostProcessorChecker - Bean 'methodSecurityMetadataSource' of type [org.springframework.security.access.method.DelegatingMethodSecurityMetadataSource] is not eligible for getting processed by all BeanPostProcessors (for example: not eligible for auto-proxying)
2023-08-03 13:03:25,227 [main] INFO  o.s.b.w.embedded.tomcat.TomcatWebServer            - Tomcat initialized with port(s): 9090 (http)
2023-08-03 13:03:25,235 [main] INFO  o.apache.coyote.http11.Http11NioProtocol           - Initializing ProtocolHandler ["http-nio-9090"]
2023-08-03 13:03:25,235 [main] INFO  org.apache.catalina.core.StandardService           - Starting service [Tomcat]
2023-08-03 13:03:25,235 [main] INFO  org.apache.catalina.core.StandardEngine            - Starting Servlet engine: [Apache Tomcat/9.0.46]
2023-08-03 13:03:25,310 [main] INFO  o.a.c.c.C.[Tomcat].[localhost].[/]                 - Initializing Spring embedded WebApplicationContext
2023-08-03 13:03:25,310 [main] INFO  o.s.b.w.s.c.ServletWebServerApplicationContext     - Root WebApplicationContext: initialization completed in 1347 ms
2023-08-03 13:03:25,414 [main] WARN  o.s.b.a.o.j.JpaBaseConfiguration$JpaWebConfiguration - spring.jpa.open-in-view is enabled by default. Therefore, database queries may be performed during view rendering. Explicitly configure spring.jpa.open-in-view to disable this warning
2023-08-03 13:03:25,468 [main] INFO  com.zaxxer.hikari.HikariDataSource                 - HikariPool-1 - Starting...
2023-08-03 13:03:25,678 [main] INFO  com.zaxxer.hikari.HikariDataSource                 - HikariPool-1 - Start completed.
2023-08-03 13:03:25,749 [main] INFO  o.hibernate.jpa.internal.util.LogHelper            - HHH000204: Processing PersistenceUnitInfo [name: default]
2023-08-03 13:03:25,808 [main] INFO  org.hibernate.Version                              - HHH000412: Hibernate ORM core version 5.4.32.Final
2023-08-03 13:03:25,902 [main] INFO  org.hibernate.annotations.common.Version           - HCANN000001: Hibernate Commons Annotations {5.1.2.Final}
2023-08-03 13:03:25,976 [main] INFO  org.hibernate.dialect.Dialect                      - HHH000400: Using dialect: org.fatmansoft.teach.sqlite.SQLDialect
2023-08-03 13:03:26,441 [main] INFO  o.h.e.t.j.p.i.JtaPlatformInitiator                 - HHH000490: Using JtaPlatform implementation: [org.hibernate.engine.transaction.jta.platform.internal.NoJtaPlatform]
2023-08-03 13:03:26,444 [main] INFO  o.s.o.j.LocalContainerEntityManagerFactoryBean     - Initialized JPA EntityManagerFactory for persistence unit 'default'
2023-08-03 13:03:27,832 [main] INFO  o.s.b.a.w.s.WelcomePageHandlerMapping              - Adding welcome page: class path resource [public/index.html]
2023-08-03 13:03:27,960 [main] INFO  o.s.s.web.DefaultSecurityFilterChain               - Will secure any request with [org.springframework.security.web.context.request.async.WebAsyncManagerIntegrationFilter@35599228, org.springframework.security.web.context.SecurityContextPersistenceFilter@75caecf7, org.springframework.security.web.header.HeaderWriterFilter@30cb489a, org.springframework.web.filter.CorsFilter@51ac72f7, org.springframework.security.web.authentication.logout.LogoutFilter@5183131d, org.fatmansoft.teach.security.jwt.AuthTokenFilter@4bc9389, org.springframework.security.web.savedrequest.RequestCacheAwareFilter@2fd409c1, org.springframework.security.web.servletapi.SecurityContextHolderAwareRequestFilter@13f17b8f, org.springframework.security.web.authentication.AnonymousAuthenticationFilter@15324f25, org.springframework.security.web.session.SessionManagementFilter@281028ce, org.springframework.security.web.access.ExceptionTranslationFilter@65a3d7c9, org.springframework.security.web.access.intercept.FilterSecurityInterceptor@46878216]
2023-08-03 13:03:28,139 [main] INFO  o.apache.coyote.http11.Http11NioProtocol           - Starting ProtocolHandler ["http-nio-9090"]
2023-08-03 13:03:28,189 [main] INFO  o.s.b.w.embedded.tomcat.TomcatWebServer            - Tomcat started on port(s): 9090 (http) with context path ''
2023-08-03 13:03:28,200 [main] INFO  o.f.t.SpringBootSecurityJwtApplication             - Started SpringBootSecurityJwtApplication in 4.552 seconds (JVM running for 5.042)
2023-08-03 13:03:28,204 [main] INFO  o.f.t.SpringBootSecurityJwtApplication             - SystemInitStart
2023-08-03 13:03:28,337 [main] INFO  o.f.t.SpringBootSecurityJwtApplication             - systemInitEnd
2023-08-03 13:04:43,772 [http-nio-9090-exec-1] INFO  o.a.c.c.C.[Tomcat].[localhost].[/]                 - Initializing Spring DispatcherServlet 'dispatcherServlet'
2023-08-03 13:04:43,772 [http-nio-9090-exec-1] INFO  o.s.web.servlet.DispatcherServlet                  - Initializing Servlet 'dispatcherServlet'
2023-08-03 13:04:43,773 [http-nio-9090-exec-1] INFO  o.s.web.servlet.DispatcherServlet                  - Completed initialization in 1 ms
2023-08-03 13:04:43,843 [http-nio-9090-exec-1] ERROR o.fatmansoft.teach.security.jwt.JwtUtils           - JWT token is expired: JWT expired at 2023-08-03T09:49:46Z. Current time: 2023-08-03T13:04:43Z, a difference of 11697843 milliseconds.  Allowed clock skew: 0 milliseconds.
2023-08-03 13:04:44,075 [http-nio-9090-exec-1] INFO  o.f.teach.security.jwt.AuthTokenFilter             - /auth/getValidateCode,,2023-08-03 13:04:43,0.286
2023-08-03 13:04:53,951 [http-nio-9090-exec-2] ERROR o.fatmansoft.teach.security.jwt.JwtUtils           - JWT token is expired: JWT expired at 2023-08-03T09:49:46Z. Current time: 2023-08-03T13:04:53Z, a difference of 11707951 milliseconds.  Allowed clock skew: 0 milliseconds.
2023-08-03 13:04:53,956 [http-nio-9090-exec-2] INFO  o.f.teach.security.jwt.AuthTokenFilter             - /auth/getValidateCode,,2023-08-03 13:04:53,0.006
2023-08-03 13:04:58,458 [http-nio-9090-exec-3] INFO  o.f.teach.security.jwt.AuthTokenFilter             - /auth/getValidateCode,,2023-08-03 13:04:58,0.003
2023-08-03 13:05:10,183 [http-nio-9090-exec-4] INFO  o.f.teach.security.jwt.AuthTokenFilter             - /auth/testValidateInfo,,2023-08-03 13:05:10,0.002
2023-08-03 13:05:10,336 [http-nio-9090-exec-5] INFO  o.f.teach.security.jwt.AuthTokenFilter             - /auth/login,,2023-08-03 13:05:10,0.145
2023-08-03 13:05:10,356 [http-nio-9090-exec-6] INFO  o.f.teach.security.jwt.AuthTokenFilter             - /auth/getValidateCode,admin,2023-08-03 13:05:10,0.011
2023-08-03 13:05:10,369 [http-nio-9090-exec-7] INFO  o.f.teach.security.jwt.AuthTokenFilter             - /api/base/getMenuList,admin,2023-08-03 13:05:10,0.022
2023-08-03 13:05:10,810 [http-nio-9090-exec-8] INFO  o.f.teach.security.jwt.AuthTokenFilter             - /api/statistics/getMainPageData,admin,2023-08-03 13:05:10,0.01
2023-08-03 13:06:22,314 [SpringApplicationShutdownHook] INFO  o.s.o.j.LocalContainerEntityManagerFactoryBean     - Closing JPA EntityManagerFactory for persistence unit 'default'
2023-08-03 13:06:22,315 [SpringApplicationShutdownHook] INFO  com.zaxxer.hikari.HikariDataSource                 - HikariPool-1 - Shutdown initiated...
2023-08-03 13:06:22,317 [SpringApplicationShutdownHook] INFO  com.zaxxer.hikari.HikariDataSource                 - HikariPool-1 - Shutdown completed.
