2023-12-04 00:01:22,204 [HikariPool-1 housekeeper] WARN  com.zaxxer.hikari.pool.HikariPool                  - HikariPool-1 - Thread starvation or clock leap detected (housekeeper delta=1m41s562ms27µs500ns).
2023-12-04 09:54:23,438 [HikariPool-1 housekeeper] WARN  com.zaxxer.hikari.pool.HikariPool                  - HikariPool-1 - Thread starvation or clock leap detected (housekeeper delta=9h53m1s234ms243µs300ns).
2023-12-04 10:09:08,092 [SpringApplicationShutdownHook] INFO  o.s.o.j.LocalContainerEntityManagerFactoryBean     - Closing JPA EntityManagerFactory for persistence unit 'default'
2023-12-04 10:09:08,098 [SpringApplicationShutdownHook] INFO  com.zaxxer.hikari.HikariDataSource                 - HikariPool-1 - Shutdown initiated...
2023-12-04 10:09:08,104 [SpringApplicationShutdownHook] INFO  com.zaxxer.hikari.HikariDataSource                 - HikariPool-1 - Shutdown completed.
2023-12-04 10:09:12,832 [background-preinit] INFO  o.h.validator.internal.util.Version                - HV000001: Hibernate Validator 6.2.0.Final
2023-12-04 10:09:12,847 [main] INFO  o.f.t.SpringBootSecurityJwtApplication             - Starting SpringBootSecurityJwtApplication using Java 17.0.9 on CC232323 with PID 14452 (C:\teach\run\java-server\target\classes started by 13277 in C:\teach\run)
2023-12-04 10:09:12,848 [main] INFO  o.f.t.SpringBootSecurityJwtApplication             - No active profile set, falling back to default profiles: default
2023-12-04 10:09:14,059 [main] INFO  o.s.d.r.c.RepositoryConfigurationDelegate          - Multiple Spring Data modules found, entering strict repository configuration mode!
2023-12-04 10:09:14,061 [main] INFO  o.s.d.r.c.RepositoryConfigurationDelegate          - Bootstrapping Spring Data JPA repositories in DEFAULT mode.
2023-12-04 10:09:14,243 [main] INFO  o.s.d.r.c.RepositoryConfigurationDelegate          - Finished Spring Data repository scanning in 173 ms. Found 25 JPA repository interfaces.
2023-12-04 10:09:14,692 [main] INFO  o.s.c.s.PostProcessorRegistrationDelegate$BeanPostProcessorChecker - Bean 'org.springframework.security.access.expression.method.DefaultMethodSecurityExpressionHandler@32177fa5' of type [org.springframework.security.access.expression.method.DefaultMethodSecurityExpressionHandler] is not eligible for getting processed by all BeanPostProcessors (for example: not eligible for auto-proxying)
2023-12-04 10:09:14,695 [main] INFO  o.s.c.s.PostProcessorRegistrationDelegate$BeanPostProcessorChecker - Bean 'methodSecurityMetadataSource' of type [org.springframework.security.access.method.DelegatingMethodSecurityMetadataSource] is not eligible for getting processed by all BeanPostProcessors (for example: not eligible for auto-proxying)
2023-12-04 10:09:15,398 [main] INFO  o.s.b.w.embedded.tomcat.TomcatWebServer            - Tomcat initialized with port(s): 9090 (http)
2023-12-04 10:09:15,414 [main] INFO  o.apache.coyote.http11.Http11NioProtocol           - Initializing ProtocolHandler ["http-nio-9090"]
2023-12-04 10:09:15,414 [main] INFO  org.apache.catalina.core.StandardService           - Starting service [Tomcat]
2023-12-04 10:09:15,414 [main] INFO  org.apache.catalina.core.StandardEngine            - Starting Servlet engine: [Apache Tomcat/9.0.46]
2023-12-04 10:09:15,590 [main] INFO  o.a.c.c.C.[Tomcat].[localhost].[/]                 - Initializing Spring embedded WebApplicationContext
2023-12-04 10:09:15,590 [main] INFO  o.s.b.w.s.c.ServletWebServerApplicationContext     - Root WebApplicationContext: initialization completed in 2668 ms
2023-12-04 10:09:15,819 [main] WARN  o.s.b.a.o.j.JpaBaseConfiguration$JpaWebConfiguration - spring.jpa.open-in-view is enabled by default. Therefore, database queries may be performed during view rendering. Explicitly configure spring.jpa.open-in-view to disable this warning
2023-12-04 10:09:15,916 [main] INFO  com.zaxxer.hikari.HikariDataSource                 - HikariPool-1 - Starting...
2023-12-04 10:09:16,921 [main] INFO  com.zaxxer.hikari.HikariDataSource                 - HikariPool-1 - Start completed.
2023-12-04 10:09:17,084 [main] INFO  o.hibernate.jpa.internal.util.LogHelper            - HHH000204: Processing PersistenceUnitInfo [name: default]
2023-12-04 10:09:17,184 [main] INFO  org.hibernate.Version                              - HHH000412: Hibernate ORM core version 5.6.15.Final
2023-12-04 10:09:17,396 [main] INFO  org.hibernate.annotations.common.Version           - HCANN000001: Hibernate Commons Annotations {5.1.2.Final}
2023-12-04 10:09:17,532 [main] INFO  org.hibernate.dialect.Dialect                      - HHH000400: Using dialect: org.fatmansoft.teach.sqlite.SQLDialect
2023-12-04 10:09:18,411 [main] INFO  o.h.e.t.j.p.i.JtaPlatformInitiator                 - HHH000490: Using JtaPlatform implementation: [org.hibernate.engine.transaction.jta.platform.internal.NoJtaPlatform]
2023-12-04 10:09:18,416 [main] INFO  o.s.o.j.LocalContainerEntityManagerFactoryBean     - Initialized JPA EntityManagerFactory for persistence unit 'default'
2023-12-04 10:09:19,805 [main] INFO  o.s.b.a.w.s.WelcomePageHandlerMapping              - Adding welcome page: class path resource [public/index.html]
2023-12-04 10:09:19,907 [main] INFO  o.s.s.web.DefaultSecurityFilterChain               - Will secure any request with [org.springframework.security.web.context.request.async.WebAsyncManagerIntegrationFilter@4f0f56f5, org.springframework.security.web.context.SecurityContextPersistenceFilter@613f48de, org.springframework.security.web.header.HeaderWriterFilter@26a004ed, org.springframework.web.filter.CorsFilter@6edb093f, org.springframework.security.web.authentication.logout.LogoutFilter@2bf2523f, org.fatmansoft.teach.security.jwt.AuthTokenFilter@594f508f, org.springframework.security.web.savedrequest.RequestCacheAwareFilter@d8751de, org.springframework.security.web.servletapi.SecurityContextHolderAwareRequestFilter@61c644fe, org.springframework.security.web.authentication.AnonymousAuthenticationFilter@7f5c4ff8, org.springframework.security.web.session.SessionManagementFilter@6f70015, org.springframework.security.web.access.ExceptionTranslationFilter@36bd07ec, org.springframework.security.web.access.intercept.FilterSecurityInterceptor@23c61c1b]
2023-12-04 10:09:20,101 [main] INFO  o.apache.coyote.http11.Http11NioProtocol           - Starting ProtocolHandler ["http-nio-9090"]
2023-12-04 10:09:20,158 [main] INFO  o.s.b.w.embedded.tomcat.TomcatWebServer            - Tomcat started on port(s): 9090 (http) with context path ''
2023-12-04 10:09:20,168 [main] INFO  o.f.t.SpringBootSecurityJwtApplication             - Started SpringBootSecurityJwtApplication in 7.97 seconds (JVM running for 8.796)
2023-12-04 10:09:20,170 [main] INFO  o.f.teach.SystemApplicationListener                - SystemInitStart
2023-12-04 10:09:20,250 [main] INFO  o.f.teach.SystemApplicationListener                - systemInitEnd
2023-12-04 10:09:28,347 [http-nio-9090-exec-2] INFO  o.a.c.c.C.[Tomcat].[localhost].[/]                 - Initializing Spring DispatcherServlet 'dispatcherServlet'
2023-12-04 10:09:28,348 [http-nio-9090-exec-2] INFO  o.s.web.servlet.DispatcherServlet                  - Initializing Servlet 'dispatcherServlet'
2023-12-04 10:09:28,349 [http-nio-9090-exec-2] INFO  o.s.web.servlet.DispatcherServlet                  - Completed initialization in 1 ms
2023-12-04 10:09:28,425 [http-nio-9090-exec-1] ERROR o.f.teach.security.jwt.AuthEntryPointJwt           - Unauthorized error: /api/base/getPhotoImageStr:Full authentication is required to access this resource
2023-12-04 10:09:28,474 [http-nio-9090-exec-1] INFO  o.f.teach.security.jwt.AuthTokenFilter             - /api/base/getPhotoImageStr,,2023-12-04 10:09:28,0.064
2023-12-04 10:09:31,266 [http-nio-9090-exec-2] INFO  o.f.teach.security.jwt.AuthTokenFilter             - /auth/getValidateCode,,2023-12-04 10:09:28,2.861
2023-12-04 10:22:12,990 [http-nio-9090-exec-3] ERROR o.f.teach.security.jwt.AuthEntryPointJwt           - Unauthorized error: /api/base/getPhotoImageStr:Full authentication is required to access this resource
2023-12-04 10:22:12,991 [http-nio-9090-exec-3] INFO  o.f.teach.security.jwt.AuthTokenFilter             - /api/base/getPhotoImageStr,,2023-12-04 10:22:12,0.002
2023-12-04 10:22:13,107 [http-nio-9090-exec-4] INFO  o.f.teach.security.jwt.AuthTokenFilter             - /auth/getValidateCode,,2023-12-04 10:22:13,0.004
2023-12-04 10:24:47,668 [http-nio-9090-exec-5] ERROR o.f.teach.security.jwt.AuthEntryPointJwt           - Unauthorized error: /api/base/getPhotoImageStr:Full authentication is required to access this resource
2023-12-04 10:24:47,668 [http-nio-9090-exec-5] INFO  o.f.teach.security.jwt.AuthTokenFilter             - /api/base/getPhotoImageStr,,2023-12-04 10:24:47,0.002
2023-12-04 10:24:47,714 [http-nio-9090-exec-6] INFO  o.f.teach.security.jwt.AuthTokenFilter             - /auth/getValidateCode,,2023-12-04 10:24:47,0.01
2023-12-04 11:00:45,992 [http-nio-9090-exec-7] ERROR o.f.teach.security.jwt.AuthEntryPointJwt           - Unauthorized error: /api/base/getPhotoImageStr:Full authentication is required to access this resource
2023-12-04 11:00:45,993 [http-nio-9090-exec-7] INFO  o.f.teach.security.jwt.AuthTokenFilter             - /api/base/getPhotoImageStr,,2023-12-04 11:00:45,0.001
2023-12-04 11:00:46,465 [http-nio-9090-exec-8] INFO  o.f.teach.security.jwt.AuthTokenFilter             - /auth/getValidateCode,,2023-12-04 11:00:46,0.006
2023-12-04 11:01:03,231 [HikariPool-1 housekeeper] WARN  com.zaxxer.hikari.pool.HikariPool                  - HikariPool-1 - Thread starvation or clock leap detected (housekeeper delta=34m45s934ms360µs200ns).
2023-12-04 11:20:11,095 [http-nio-9090-exec-9] INFO  o.f.teach.security.jwt.AuthTokenFilter             - /,,2023-12-04 11:20:11,0.037
2023-12-04 11:20:11,230 [http-nio-9090-exec-10] INFO  o.f.teach.security.jwt.AuthTokenFilter             - /assets/index-f9c8f33e.css,,2023-12-04 11:20:11,0.01
2023-12-04 11:20:11,258 [http-nio-9090-exec-1] INFO  o.f.teach.security.jwt.AuthTokenFilter             - /assets/index-82efd59e.js,,2023-12-04 11:20:11,0.037
2023-12-04 11:20:11,337 [http-nio-9090-exec-4] INFO  o.f.teach.security.jwt.AuthTokenFilter             - /assets/messageBox-19614e80.js,,2023-12-04 11:20:11,0.006
2023-12-04 11:20:11,339 [http-nio-9090-exec-3] INFO  o.f.teach.security.jwt.AuthTokenFilter             - /assets/Login-0a8e1498.js,,2023-12-04 11:20:11,0.011
2023-12-04 11:20:11,340 [http-nio-9090-exec-2] INFO  o.f.teach.security.jwt.AuthTokenFilter             - /assets/Login-9ad7a75d.css,,2023-12-04 11:20:11,0.011
2023-12-04 11:20:11,364 [http-nio-9090-exec-9] INFO  o.f.teach.security.jwt.AuthTokenFilter             - /wx.png,,2023-12-04 11:20:11,0.002
2023-12-04 11:20:11,367 [http-nio-9090-exec-7] INFO  o.f.teach.security.jwt.AuthTokenFilter             - /studentms.png,,2023-12-04 11:20:11,0.003
2023-12-04 11:20:11,370 [http-nio-9090-exec-8] INFO  o.f.teach.security.jwt.AuthTokenFilter             - /en.png,,2023-12-04 11:20:11,0.008
2023-12-04 11:20:11,371 [http-nio-9090-exec-5] INFO  o.f.teach.security.jwt.AuthTokenFilter             - /hi.png,,2023-12-04 11:20:11,0.003
2023-12-04 11:20:11,376 [http-nio-9090-exec-4] INFO  o.f.teach.security.jwt.AuthTokenFilter             - /loginName.png,,2023-12-04 11:20:11,0.005
2023-12-04 11:20:11,377 [http-nio-9090-exec-6] INFO  o.f.teach.security.jwt.AuthTokenFilter             - /logo.png,,2023-12-04 11:20:11,0.009
2023-12-04 11:20:11,379 [http-nio-9090-exec-3] INFO  o.f.teach.security.jwt.AuthTokenFilter             - /password.png,,2023-12-04 11:20:11,0.004
2023-12-04 11:20:11,380 [http-nio-9090-exec-9] INFO  o.f.teach.security.jwt.AuthTokenFilter             - /certifiy.png,,2023-12-04 11:20:11,0.002
2023-12-04 11:20:11,381 [http-nio-9090-exec-1] INFO  o.f.teach.security.jwt.AuthTokenFilter             - /loginStudentms.png,,2023-12-04 11:20:11,0.007
2023-12-04 11:20:11,387 [http-nio-9090-exec-10] INFO  o.f.teach.security.jwt.AuthTokenFilter             - /backgroud.png,,2023-12-04 11:20:11,0.026
2023-12-04 11:20:11,391 [http-nio-9090-exec-2] INFO  o.f.teach.security.jwt.AuthTokenFilter             - /auth/getValidateCode,,2023-12-04 11:20:11,0.014
2023-12-04 11:20:11,395 [http-nio-9090-exec-7] INFO  o.f.teach.security.jwt.AuthTokenFilter             - /favicon.svg,,2023-12-04 11:20:11,0.004
2023-12-04 11:21:22,969 [http-nio-9090-exec-1] INFO  o.f.teach.security.jwt.AuthTokenFilter             - /auth/testValidateInfo,,2023-12-04 11:21:22,0.004
2023-12-04 11:21:23,544 [http-nio-9090-exec-10] INFO  o.f.teach.security.jwt.AuthTokenFilter             - /auth/login,,2023-12-04 11:21:23,0.332
2023-12-04 11:21:23,579 [http-nio-9090-exec-2] INFO  o.f.teach.security.jwt.AuthTokenFilter             - /auth/getValidateCode,admin,2023-12-04 11:21:23,0.014
2023-12-04 11:21:23,930 [http-nio-9090-exec-7] INFO  o.f.teach.security.jwt.AuthTokenFilter             - /api/base/getMenuList,admin,2023-12-04 11:21:23,0.038
2023-12-04 11:21:24,203 [http-nio-9090-exec-5] INFO  o.f.teach.security.jwt.AuthTokenFilter             - /api/statistics/getMainPageData,admin,2023-12-04 11:21:24,0.022
2023-12-04 11:21:29,169 [http-nio-9090-exec-9] INFO  o.f.teach.security.jwt.AuthTokenFilter             - /api/base/getDictionaryTreeNodeList,admin,2023-12-04 11:21:29,0.013
2023-12-04 11:21:31,671 [http-nio-9090-exec-3] INFO  o.f.teach.security.jwt.AuthTokenFilter             - /api/base/getRoleOptionItemList,admin,2023-12-04 11:21:31,0.01
2023-12-04 11:21:31,708 [http-nio-9090-exec-8] INFO  o.f.teach.security.jwt.AuthTokenFilter             - /api/base/getMenuTreeNodeList,admin,2023-12-04 11:21:31,0.028
2023-12-04 11:21:37,731 [http-nio-9090-exec-4] INFO  o.f.teach.security.jwt.AuthTokenFilter             - /api/statistics/getMainPageData,admin,2023-12-04 11:21:37,0.006
2023-12-04 11:21:41,506 [http-nio-9090-exec-6] INFO  o.f.teach.security.jwt.AuthTokenFilter             - /api/fit/getFitList,admin,2023-12-04 11:21:41,0.011
2023-12-04 11:21:41,677 [http-nio-9090-exec-1] INFO  o.f.teach.security.jwt.AuthTokenFilter             - /api/score/getStudentItemOptionList,admin,2023-12-04 11:21:41,0.008
2023-12-04 11:21:41,693 [http-nio-9090-exec-10] INFO  o.f.teach.security.jwt.AuthTokenFilter             - /api/score/getCourseItemOptionList,admin,2023-12-04 11:21:41,0.008
2023-12-04 11:21:44,399 [http-nio-9090-exec-2] INFO  o.f.teach.security.jwt.AuthTokenFilter             - /api/score/getScoreList,admin,2023-12-04 11:21:44,0.013
2023-12-04 11:21:44,615 [http-nio-9090-exec-7] INFO  o.f.teach.security.jwt.AuthTokenFilter             - /api/score/getStudentItemOptionList,admin,2023-12-04 11:21:44,0.008
2023-12-04 11:21:44,722 [http-nio-9090-exec-5] INFO  o.f.teach.security.jwt.AuthTokenFilter             - /api/score/getCourseItemOptionList,admin,2023-12-04 11:21:44,0.007
2023-12-04 11:21:45,192 [http-nio-9090-exec-9] INFO  o.f.teach.security.jwt.AuthTokenFilter             - /api/course/getCourseList,admin,2023-12-04 11:21:45,0.015
2023-12-04 11:21:46,623 [http-nio-9090-exec-3] INFO  o.f.teach.security.jwt.AuthTokenFilter             - /api/statistics/getMainPageData,admin,2023-12-04 11:21:46,0.008
2023-12-04 11:21:49,484 [http-nio-9090-exec-8] INFO  o.f.teach.security.jwt.AuthTokenFilter             - /api/activity/getActivityList,admin,2023-12-04 11:21:49,0.007
2023-12-04 11:21:49,504 [http-nio-9090-exec-4] INFO  o.f.teach.security.jwt.AuthTokenFilter             - /api/practice/getStudentItemOptionList,admin,2023-12-04 11:21:49,0.007
2023-12-04 11:21:51,483 [http-nio-9090-exec-6] INFO  o.f.teach.security.jwt.AuthTokenFilter             - /api/assessment/getAssessmentList,admin,2023-12-04 11:21:51,0.012
2023-12-04 11:21:51,501 [http-nio-9090-exec-1] INFO  o.f.teach.security.jwt.AuthTokenFilter             - /api/practice/getStudentItemOptionList,admin,2023-12-04 11:21:51,0.006
2023-12-04 11:21:58,327 [http-nio-9090-exec-10] INFO  o.f.teach.security.jwt.AuthTokenFilter             - /api/base/getPhotoImageStr,admin,2023-12-04 11:21:58,0.116
2023-12-04 11:21:58,362 [http-nio-9090-exec-2] INFO  o.f.teach.security.jwt.AuthTokenFilter             - /api/statistics/getMainPageData,admin,2023-12-04 11:21:58,0.011
2023-12-04 11:27:32,281 [SpringApplicationShutdownHook] INFO  o.s.o.j.LocalContainerEntityManagerFactoryBean     - Closing JPA EntityManagerFactory for persistence unit 'default'
2023-12-04 11:27:32,287 [SpringApplicationShutdownHook] INFO  com.zaxxer.hikari.HikariDataSource                 - HikariPool-1 - Shutdown initiated...
2023-12-04 11:27:32,294 [SpringApplicationShutdownHook] INFO  com.zaxxer.hikari.HikariDataSource                 - HikariPool-1 - Shutdown completed.
2023-12-04 16:19:48,734 [background-preinit] INFO  o.h.validator.internal.util.Version                - HV000001: Hibernate Validator 6.2.0.Final
2023-12-04 16:19:48,741 [main] INFO  o.f.t.SpringBootSecurityJwtApplication             - Starting SpringBootSecurityJwtApplication using Java 17.0.9 on CC232323 with PID 36432 (C:\teach\run\java-server\target\classes started by 13277 in C:\teach\run)
2023-12-04 16:19:48,741 [main] INFO  o.f.t.SpringBootSecurityJwtApplication             - No active profile set, falling back to default profiles: default
2023-12-04 16:19:49,413 [main] INFO  o.s.d.r.c.RepositoryConfigurationDelegate          - Multiple Spring Data modules found, entering strict repository configuration mode!
2023-12-04 16:19:49,414 [main] INFO  o.s.d.r.c.RepositoryConfigurationDelegate          - Bootstrapping Spring Data JPA repositories in DEFAULT mode.
2023-12-04 16:19:49,511 [main] INFO  o.s.d.r.c.RepositoryConfigurationDelegate          - Finished Spring Data repository scanning in 90 ms. Found 25 JPA repository interfaces.
2023-12-04 16:19:49,754 [main] INFO  o.s.c.s.PostProcessorRegistrationDelegate$BeanPostProcessorChecker - Bean 'org.springframework.security.access.expression.method.DefaultMethodSecurityExpressionHandler@3bd6ba24' of type [org.springframework.security.access.expression.method.DefaultMethodSecurityExpressionHandler] is not eligible for getting processed by all BeanPostProcessors (for example: not eligible for auto-proxying)
2023-12-04 16:19:49,755 [main] INFO  o.s.c.s.PostProcessorRegistrationDelegate$BeanPostProcessorChecker - Bean 'methodSecurityMetadataSource' of type [org.springframework.security.access.method.DelegatingMethodSecurityMetadataSource] is not eligible for getting processed by all BeanPostProcessors (for example: not eligible for auto-proxying)
2023-12-04 16:19:50,087 [main] INFO  o.s.b.w.embedded.tomcat.TomcatWebServer            - Tomcat initialized with port(s): 9090 (http)
2023-12-04 16:19:50,101 [main] INFO  o.apache.coyote.http11.Http11NioProtocol           - Initializing ProtocolHandler ["http-nio-9090"]
2023-12-04 16:19:50,101 [main] INFO  org.apache.catalina.core.StandardService           - Starting service [Tomcat]
2023-12-04 16:19:50,102 [main] INFO  org.apache.catalina.core.StandardEngine            - Starting Servlet engine: [Apache Tomcat/9.0.46]
2023-12-04 16:19:50,185 [main] INFO  o.a.c.c.C.[Tomcat].[localhost].[/]                 - Initializing Spring embedded WebApplicationContext
2023-12-04 16:19:50,185 [main] INFO  o.s.b.w.s.c.ServletWebServerApplicationContext     - Root WebApplicationContext: initialization completed in 1416 ms
2023-12-04 16:19:50,270 [main] WARN  o.s.b.a.o.j.JpaBaseConfiguration$JpaWebConfiguration - spring.jpa.open-in-view is enabled by default. Therefore, database queries may be performed during view rendering. Explicitly configure spring.jpa.open-in-view to disable this warning
2023-12-04 16:19:50,316 [main] INFO  com.zaxxer.hikari.HikariDataSource                 - HikariPool-1 - Starting...
2023-12-04 16:19:54,358 [main] INFO  com.zaxxer.hikari.HikariDataSource                 - HikariPool-1 - Start completed.
2023-12-04 16:19:54,487 [main] INFO  o.hibernate.jpa.internal.util.LogHelper            - HHH000204: Processing PersistenceUnitInfo [name: default]
2023-12-04 16:19:54,569 [main] INFO  org.hibernate.Version                              - HHH000412: Hibernate ORM core version 5.6.15.Final
2023-12-04 16:19:54,693 [main] INFO  org.hibernate.annotations.common.Version           - HCANN000001: Hibernate Commons Annotations {5.1.2.Final}
2023-12-04 16:19:54,778 [main] INFO  org.hibernate.dialect.Dialect                      - HHH000400: Using dialect: org.fatmansoft.teach.sqlite.SQLDialect
2023-12-04 16:19:55,300 [main] INFO  o.h.e.t.j.p.i.JtaPlatformInitiator                 - HHH000490: Using JtaPlatform implementation: [org.hibernate.engine.transaction.jta.platform.internal.NoJtaPlatform]
2023-12-04 16:19:55,305 [main] INFO  o.s.o.j.LocalContainerEntityManagerFactoryBean     - Initialized JPA EntityManagerFactory for persistence unit 'default'
2023-12-04 16:19:56,273 [main] INFO  o.s.b.a.w.s.WelcomePageHandlerMapping              - Adding welcome page: class path resource [public/index.html]
2023-12-04 16:19:56,331 [main] INFO  o.s.s.web.DefaultSecurityFilterChain               - Will secure any request with [org.springframework.security.web.context.request.async.WebAsyncManagerIntegrationFilter@1a598e30, org.springframework.security.web.context.SecurityContextPersistenceFilter@4b3b2a4f, org.springframework.security.web.header.HeaderWriterFilter@5fcff272, org.springframework.web.filter.CorsFilter@6768dc74, org.springframework.security.web.authentication.logout.LogoutFilter@22c0c0bc, org.fatmansoft.teach.security.jwt.AuthTokenFilter@257708e, org.springframework.security.web.savedrequest.RequestCacheAwareFilter@7a3f3bc4, org.springframework.security.web.servletapi.SecurityContextHolderAwareRequestFilter@238d27ef, org.springframework.security.web.authentication.AnonymousAuthenticationFilter@31dbca5d, org.springframework.security.web.session.SessionManagementFilter@6f076c53, org.springframework.security.web.access.ExceptionTranslationFilter@6fc03cf6, org.springframework.security.web.access.intercept.FilterSecurityInterceptor@7b45f7ef]
2023-12-04 16:19:56,443 [main] INFO  o.apache.coyote.http11.Http11NioProtocol           - Starting ProtocolHandler ["http-nio-9090"]
2023-12-04 16:19:56,463 [main] INFO  o.s.b.w.embedded.tomcat.TomcatWebServer            - Tomcat started on port(s): 9090 (http) with context path ''
2023-12-04 16:19:56,468 [main] INFO  o.f.t.SpringBootSecurityJwtApplication             - Started SpringBootSecurityJwtApplication in 8.122 seconds (JVM running for 8.475)
2023-12-04 16:19:56,469 [main] INFO  o.f.teach.SystemApplicationListener                - SystemInitStart
2023-12-04 16:19:56,535 [main] INFO  o.f.teach.SystemApplicationListener                - systemInitEnd
2023-12-04 16:20:14,860 [http-nio-9090-exec-1] INFO  o.a.c.c.C.[Tomcat].[localhost].[/]                 - Initializing Spring DispatcherServlet 'dispatcherServlet'
2023-12-04 16:20:14,861 [http-nio-9090-exec-1] INFO  o.s.web.servlet.DispatcherServlet                  - Initializing Servlet 'dispatcherServlet'
2023-12-04 16:20:14,862 [http-nio-9090-exec-1] INFO  o.s.web.servlet.DispatcherServlet                  - Completed initialization in 1 ms
2023-12-04 16:20:15,315 [http-nio-9090-exec-1] INFO  o.f.teach.security.jwt.AuthTokenFilter             - /auth/getValidateCode,,2023-12-04 16:20:14,0.434
2023-12-04 16:20:46,403 [http-nio-9090-exec-2] INFO  o.f.teach.security.jwt.AuthTokenFilter             - /auth/testValidateInfo,,2023-12-04 16:20:46,0.003
2023-12-04 16:20:46,419 [http-nio-9090-exec-3] INFO  o.f.teach.security.jwt.AuthTokenFilter             - /auth/getValidateCode,,2023-12-04 16:20:46,0.008
2023-12-04 16:25:40,179 [http-nio-9090-exec-4] ERROR o.f.teach.security.jwt.AuthEntryPointJwt           - Unauthorized error: /api/base/getPhotoImageStr:Full authentication is required to access this resource
2023-12-04 16:25:40,180 [http-nio-9090-exec-4] INFO  o.f.teach.security.jwt.AuthTokenFilter             - /api/base/getPhotoImageStr,,2023-12-04 16:25:40,0.001
2023-12-04 16:25:43,383 [http-nio-9090-exec-5] ERROR o.f.teach.security.jwt.AuthEntryPointJwt           - Unauthorized error: /api/base/getPhotoImageStr:Full authentication is required to access this resource
2023-12-04 16:25:43,384 [http-nio-9090-exec-5] INFO  o.f.teach.security.jwt.AuthTokenFilter             - /api/base/getPhotoImageStr,,2023-12-04 16:25:43,0.001
2023-12-04 16:26:00,053 [http-nio-9090-exec-6] ERROR o.f.teach.security.jwt.AuthEntryPointJwt           - Unauthorized error: /api/statistics/getMainPageData:Full authentication is required to access this resource
2023-12-04 16:26:00,054 [http-nio-9090-exec-6] INFO  o.f.teach.security.jwt.AuthTokenFilter             - /api/statistics/getMainPageData,,2023-12-04 16:26:00,0.001
2023-12-04 16:27:38,480 [http-nio-9090-exec-7] ERROR o.f.teach.security.jwt.AuthEntryPointJwt           - Unauthorized error: /api/base/getPhotoImageStr:Full authentication is required to access this resource
2023-12-04 16:27:38,480 [http-nio-9090-exec-7] INFO  o.f.teach.security.jwt.AuthTokenFilter             - /api/base/getPhotoImageStr,,2023-12-04 16:27:38,0.0
2023-12-04 16:27:38,567 [http-nio-9090-exec-8] INFO  o.f.teach.security.jwt.AuthTokenFilter             - /auth/getValidateCode,,2023-12-04 16:27:38,0.004
2023-12-04 16:27:48,963 [http-nio-9090-exec-9] INFO  o.f.teach.security.jwt.AuthTokenFilter             - /auth/testValidateInfo,,2023-12-04 16:27:48,0.001
2023-12-04 16:27:48,984 [http-nio-9090-exec-10] INFO  o.f.teach.security.jwt.AuthTokenFilter             - /auth/getValidateCode,,2023-12-04 16:27:48,0.012
2023-12-04 16:27:52,383 [http-nio-9090-exec-1] ERROR o.f.teach.security.jwt.AuthEntryPointJwt           - Unauthorized error: /api/base/getPhotoImageStr:Full authentication is required to access this resource
2023-12-04 16:27:52,383 [http-nio-9090-exec-1] INFO  o.f.teach.security.jwt.AuthTokenFilter             - /api/base/getPhotoImageStr,,2023-12-04 16:27:52,0.0
2023-12-04 16:27:52,415 [http-nio-9090-exec-2] INFO  o.f.teach.security.jwt.AuthTokenFilter             - /auth/getValidateCode,,2023-12-04 16:27:52,0.003
2023-12-04 16:28:32,841 [http-nio-9090-exec-3] ERROR o.f.teach.security.jwt.AuthEntryPointJwt           - Unauthorized error: /api/base/getPhotoImageStr:Full authentication is required to access this resource
2023-12-04 16:28:32,841 [http-nio-9090-exec-3] INFO  o.f.teach.security.jwt.AuthTokenFilter             - /api/base/getPhotoImageStr,,2023-12-04 16:28:32,0.001
2023-12-04 16:28:44,700 [http-nio-9090-exec-4] ERROR o.f.teach.security.jwt.AuthEntryPointJwt           - Unauthorized error: /api/base/getPhotoImageStr:Full authentication is required to access this resource
2023-12-04 16:28:44,700 [http-nio-9090-exec-4] INFO  o.f.teach.security.jwt.AuthTokenFilter             - /api/base/getPhotoImageStr,,2023-12-04 16:28:44,0.0
2023-12-04 16:29:55,979 [http-nio-9090-exec-5] ERROR o.f.teach.security.jwt.AuthEntryPointJwt           - Unauthorized error: /api/base/getPhotoImageStr:Full authentication is required to access this resource
2023-12-04 16:29:55,980 [http-nio-9090-exec-5] INFO  o.f.teach.security.jwt.AuthTokenFilter             - /api/base/getPhotoImageStr,,2023-12-04 16:29:55,0.001
2023-12-04 16:29:56,067 [http-nio-9090-exec-6] INFO  o.f.teach.security.jwt.AuthTokenFilter             - /auth/getValidateCode,,2023-12-04 16:29:56,0.004
2023-12-04 16:30:19,263 [http-nio-9090-exec-7] INFO  o.f.teach.security.jwt.AuthTokenFilter             - /auth/testValidateInfo,,2023-12-04 16:30:19,0.004
2023-12-04 16:30:19,538 [http-nio-9090-exec-8] INFO  o.f.teach.security.jwt.AuthTokenFilter             - /auth/getValidateCode,,2023-12-04 16:30:19,0.018
2023-12-04 16:40:38,694 [http-nio-9090-exec-9] ERROR o.f.teach.security.jwt.AuthEntryPointJwt           - Unauthorized error: /api/base/getPhotoImageStr:Full authentication is required to access this resource
2023-12-04 16:40:38,694 [http-nio-9090-exec-9] INFO  o.f.teach.security.jwt.AuthTokenFilter             - /api/base/getPhotoImageStr,,2023-12-04 16:40:38,0.0
2023-12-04 16:40:52,302 [http-nio-9090-exec-10] ERROR o.f.teach.security.jwt.AuthEntryPointJwt           - Unauthorized error: /api/base/getPhotoImageStr:Full authentication is required to access this resource
2023-12-04 16:40:52,302 [http-nio-9090-exec-10] INFO  o.f.teach.security.jwt.AuthTokenFilter             - /api/base/getPhotoImageStr,,2023-12-04 16:40:52,0.002
2023-12-04 16:41:22,386 [http-nio-9090-exec-1] ERROR o.f.teach.security.jwt.AuthEntryPointJwt           - Unauthorized error: /api/base/getPhotoImageStr:Full authentication is required to access this resource
2023-12-04 16:41:22,387 [http-nio-9090-exec-1] INFO  o.f.teach.security.jwt.AuthTokenFilter             - /api/base/getPhotoImageStr,,2023-12-04 16:41:22,0.0
2023-12-04 16:41:22,466 [http-nio-9090-exec-2] INFO  o.f.teach.security.jwt.AuthTokenFilter             - /auth/getValidateCode,,2023-12-04 16:41:22,0.005
2023-12-04 16:49:59,505 [http-nio-9090-exec-3] INFO  o.f.teach.security.jwt.AuthTokenFilter             - /auth/testValidateInfo,,2023-12-04 16:49:59,0.001
2023-12-04 16:49:59,768 [http-nio-9090-exec-4] INFO  o.f.teach.security.jwt.AuthTokenFilter             - /auth/getValidateCode,,2023-12-04 16:49:59,0.002
2023-12-04 16:50:01,825 [http-nio-9090-exec-5] ERROR o.f.teach.security.jwt.AuthEntryPointJwt           - Unauthorized error: /api/base/getPhotoImageStr:Full authentication is required to access this resource
2023-12-04 16:50:01,825 [http-nio-9090-exec-5] INFO  o.f.teach.security.jwt.AuthTokenFilter             - /api/base/getPhotoImageStr,,2023-12-04 16:50:01,0.0
2023-12-04 16:50:01,998 [http-nio-9090-exec-6] INFO  o.f.teach.security.jwt.AuthTokenFilter             - /auth/getValidateCode,,2023-12-04 16:50:01,0.003
2023-12-04 16:54:25,717 [http-nio-9090-exec-7] INFO  o.f.teach.security.jwt.AuthTokenFilter             - /auth/testValidateInfo,,2023-12-04 16:54:25,0.002
2023-12-04 16:54:25,992 [http-nio-9090-exec-8] INFO  o.f.teach.security.jwt.AuthTokenFilter             - /auth/getValidateCode,,2023-12-04 16:54:25,0.012
2023-12-04 16:55:53,754 [http-nio-9090-exec-9] INFO  o.f.teach.security.jwt.AuthTokenFilter             - /auth/testValidateInfo,,2023-12-04 16:55:53,0.002
2023-12-04 16:55:54,003 [http-nio-9090-exec-10] INFO  o.f.teach.security.jwt.AuthTokenFilter             - /auth/getValidateCode,,2023-12-04 16:55:54,0.003
2023-12-04 16:56:00,191 [http-nio-9090-exec-1] INFO  o.f.teach.security.jwt.AuthTokenFilter             - /auth/testValidateInfo,,2023-12-04 16:56:00,0.002
2023-12-04 20:53:02,653 [http-nio-9090-exec-2] ERROR o.f.teach.security.jwt.AuthEntryPointJwt           - Unauthorized error: /api/base/getPhotoImageStr:Full authentication is required to access this resource
2023-12-04 20:53:02,657 [http-nio-9090-exec-2] INFO  o.f.teach.security.jwt.AuthTokenFilter             - /api/base/getPhotoImageStr,,2023-12-04 20:53:02,0.008
2023-12-04 20:53:03,534 [http-nio-9090-exec-3] INFO  o.f.teach.security.jwt.AuthTokenFilter             - /auth/getValidateCode,,2023-12-04 20:53:03,0.012
2023-12-04 20:53:23,948 [http-nio-9090-exec-4] ERROR o.f.teach.security.jwt.AuthEntryPointJwt           - Unauthorized error: /api/base/getPhotoImageStr:Full authentication is required to access this resource
2023-12-04 20:53:23,949 [http-nio-9090-exec-4] INFO  o.f.teach.security.jwt.AuthTokenFilter             - /api/base/getPhotoImageStr,,2023-12-04 20:53:23,0.0
2023-12-04 20:53:23,988 [http-nio-9090-exec-5] INFO  o.f.teach.security.jwt.AuthTokenFilter             - /auth/getValidateCode,,2023-12-04 20:53:23,0.004
2023-12-04 21:00:41,970 [http-nio-9090-exec-6] ERROR o.f.teach.security.jwt.AuthEntryPointJwt           - Unauthorized error: /api/base/getPhotoImageStr:Full authentication is required to access this resource
2023-12-04 21:00:41,971 [http-nio-9090-exec-6] INFO  o.f.teach.security.jwt.AuthTokenFilter             - /api/base/getPhotoImageStr,,2023-12-04 21:00:41,0.001
2023-12-04 21:00:42,017 [http-nio-9090-exec-7] INFO  o.f.teach.security.jwt.AuthTokenFilter             - /auth/getValidateCode,,2023-12-04 21:00:42,0.003
