2023-12-02 04:34:37,363 [HikariPool-1 housekeeper] WARN  com.zaxxer.hikari.pool.HikariPool                  - HikariPool-1 - Thread starvation or clock leap detected (housekeeper delta=4h40m30s534ms335µs800ns).
2023-12-02 12:05:24,024 [background-preinit] INFO  o.h.validator.internal.util.Version                - HV000001: Hibernate Validator 6.2.0.Final
2023-12-02 12:05:24,030 [main] INFO  o.f.t.SpringBootSecurityJwtApplication             - Starting SpringBootSecurityJwtApplication using Java 17.0.9 on CC232323 with PID 18444 (C:\teach\run\java-server\target\classes started by 13277 in C:\teach\run)
2023-12-02 12:05:24,030 [main] INFO  o.f.t.SpringBootSecurityJwtApplication             - No active profile set, falling back to default profiles: default
2023-12-02 12:05:24,591 [main] INFO  o.s.d.r.c.RepositoryConfigurationDelegate          - Multiple Spring Data modules found, entering strict repository configuration mode!
2023-12-02 12:05:24,592 [main] INFO  o.s.d.r.c.RepositoryConfigurationDelegate          - Bootstrapping Spring Data JPA repositories in DEFAULT mode.
2023-12-02 12:05:24,679 [main] INFO  o.s.d.r.c.RepositoryConfigurationDelegate          - Finished Spring Data repository scanning in 81 ms. Found 25 JPA repository interfaces.
2023-12-02 12:05:24,922 [main] INFO  o.s.c.s.PostProcessorRegistrationDelegate$BeanPostProcessorChecker - Bean 'org.springframework.security.access.expression.method.DefaultMethodSecurityExpressionHandler@a4b5ce3' of type [org.springframework.security.access.expression.method.DefaultMethodSecurityExpressionHandler] is not eligible for getting processed by all BeanPostProcessors (for example: not eligible for auto-proxying)
2023-12-02 12:05:24,925 [main] INFO  o.s.c.s.PostProcessorRegistrationDelegate$BeanPostProcessorChecker - Bean 'methodSecurityMetadataSource' of type [org.springframework.security.access.method.DelegatingMethodSecurityMetadataSource] is not eligible for getting processed by all BeanPostProcessors (for example: not eligible for auto-proxying)
2023-12-02 12:05:25,229 [main] INFO  o.s.b.w.embedded.tomcat.TomcatWebServer            - Tomcat initialized with port(s): 9090 (http)
2023-12-02 12:05:25,245 [main] INFO  o.apache.coyote.http11.Http11NioProtocol           - Initializing ProtocolHandler ["http-nio-9090"]
2023-12-02 12:05:25,246 [main] INFO  org.apache.catalina.core.StandardService           - Starting service [Tomcat]
2023-12-02 12:05:25,246 [main] INFO  org.apache.catalina.core.StandardEngine            - Starting Servlet engine: [Apache Tomcat/9.0.46]
2023-12-02 12:05:25,348 [main] INFO  o.a.c.c.C.[Tomcat].[localhost].[/]                 - Initializing Spring embedded WebApplicationContext
2023-12-02 12:05:25,348 [main] INFO  o.s.b.w.s.c.ServletWebServerApplicationContext     - Root WebApplicationContext: initialization completed in 1293 ms
2023-12-02 12:05:25,410 [main] WARN  o.s.b.a.o.j.JpaBaseConfiguration$JpaWebConfiguration - spring.jpa.open-in-view is enabled by default. Therefore, database queries may be performed during view rendering. Explicitly configure spring.jpa.open-in-view to disable this warning
2023-12-02 12:05:25,451 [main] INFO  com.zaxxer.hikari.HikariDataSource                 - HikariPool-1 - Starting...
2023-12-02 12:05:25,829 [main] INFO  com.zaxxer.hikari.HikariDataSource                 - HikariPool-1 - Start completed.
2023-12-02 12:05:25,901 [main] INFO  o.hibernate.jpa.internal.util.LogHelper            - HHH000204: Processing PersistenceUnitInfo [name: default]
2023-12-02 12:05:25,981 [main] INFO  org.hibernate.Version                              - HHH000412: Hibernate ORM core version 5.6.15.Final
2023-12-02 12:05:26,113 [main] INFO  org.hibernate.annotations.common.Version           - HCANN000001: Hibernate Commons Annotations {5.1.2.Final}
2023-12-02 12:05:26,195 [main] INFO  org.hibernate.dialect.Dialect                      - HHH000400: Using dialect: org.fatmansoft.teach.sqlite.SQLDialect
2023-12-02 12:05:26,690 [main] INFO  o.h.e.t.j.p.i.JtaPlatformInitiator                 - HHH000490: Using JtaPlatform implementation: [org.hibernate.engine.transaction.jta.platform.internal.NoJtaPlatform]
2023-12-02 12:05:26,697 [main] INFO  o.s.o.j.LocalContainerEntityManagerFactoryBean     - Initialized JPA EntityManagerFactory for persistence unit 'default'
2023-12-02 12:05:27,777 [main] INFO  o.s.b.a.w.s.WelcomePageHandlerMapping              - Adding welcome page: class path resource [public/index.html]
2023-12-02 12:05:27,880 [main] INFO  o.s.s.web.DefaultSecurityFilterChain               - Will secure any request with [org.springframework.security.web.context.request.async.WebAsyncManagerIntegrationFilter@6f09cb98, org.springframework.security.web.context.SecurityContextPersistenceFilter@4d73d3d1, org.springframework.security.web.header.HeaderWriterFilter@78723798, org.springframework.web.filter.CorsFilter@7236213e, org.springframework.security.web.authentication.logout.LogoutFilter@2f408960, org.fatmansoft.teach.security.jwt.AuthTokenFilter@3083e6ef, org.springframework.security.web.savedrequest.RequestCacheAwareFilter@56b66cc6, org.springframework.security.web.servletapi.SecurityContextHolderAwareRequestFilter@7a3f3bc4, org.springframework.security.web.authentication.AnonymousAuthenticationFilter@3b3dc752, org.springframework.security.web.session.SessionManagementFilter@7004cd44, org.springframework.security.web.access.ExceptionTranslationFilter@1454339d, org.springframework.security.web.access.intercept.FilterSecurityInterceptor@157267db]
2023-12-02 12:05:28,046 [main] INFO  o.apache.coyote.http11.Http11NioProtocol           - Starting ProtocolHandler ["http-nio-9090"]
2023-12-02 12:05:28,070 [main] INFO  o.s.b.w.embedded.tomcat.TomcatWebServer            - Tomcat started on port(s): 9090 (http) with context path ''
2023-12-02 12:05:28,078 [main] INFO  o.f.t.SpringBootSecurityJwtApplication             - Started SpringBootSecurityJwtApplication in 4.354 seconds (JVM running for 4.686)
2023-12-02 12:05:28,080 [main] INFO  o.f.teach.SystemApplicationListener                - SystemInitStart
2023-12-02 12:05:28,132 [main] INFO  o.f.teach.SystemApplicationListener                - systemInitEnd
2023-12-02 12:06:18,264 [http-nio-9090-exec-1] INFO  o.a.c.c.C.[Tomcat].[localhost].[/]                 - Initializing Spring DispatcherServlet 'dispatcherServlet'
2023-12-02 12:06:18,265 [http-nio-9090-exec-1] INFO  o.s.web.servlet.DispatcherServlet                  - Initializing Servlet 'dispatcherServlet'
2023-12-02 12:06:18,266 [http-nio-9090-exec-1] INFO  o.s.web.servlet.DispatcherServlet                  - Completed initialization in 1 ms
2023-12-02 12:06:18,353 [http-nio-9090-exec-2] ERROR o.fatmansoft.teach.security.jwt.JwtUtils           - JWT token is expired: JWT expired at 2023-10-22T15:02:40Z. Current time: 2023-12-02T12:06:18Z, a difference of 3531818352 milliseconds.  Allowed clock skew: 0 milliseconds.
2023-12-02 12:06:18,353 [http-nio-9090-exec-1] ERROR o.fatmansoft.teach.security.jwt.JwtUtils           - JWT token is expired: JWT expired at 2023-10-22T15:02:40Z. Current time: 2023-12-02T12:06:18Z, a difference of 3531818352 milliseconds.  Allowed clock skew: 0 milliseconds.
2023-12-02 12:06:18,360 [http-nio-9090-exec-2] ERROR o.f.teach.security.jwt.AuthEntryPointJwt           - Unauthorized error: /api/statistics/getMainPageData:Full authentication is required to access this resource
2023-12-02 12:06:18,360 [http-nio-9090-exec-1] ERROR o.f.teach.security.jwt.AuthEntryPointJwt           - Unauthorized error: /api/base/getPhotoImageStr:Full authentication is required to access this resource
2023-12-02 12:06:18,361 [http-nio-9090-exec-2] INFO  o.f.teach.security.jwt.AuthTokenFilter             - /api/statistics/getMainPageData,,2023-12-02 12:06:18,0.024
2023-12-02 12:06:18,361 [http-nio-9090-exec-1] INFO  o.f.teach.security.jwt.AuthTokenFilter             - /api/base/getPhotoImageStr,,2023-12-02 12:06:18,0.067
2023-12-02 12:06:44,085 [http-nio-9090-exec-3] ERROR o.fatmansoft.teach.security.jwt.JwtUtils           - JWT token is expired: JWT expired at 2023-10-22T15:02:40Z. Current time: 2023-12-02T12:06:44Z, a difference of 3531844084 milliseconds.  Allowed clock skew: 0 milliseconds.
2023-12-02 12:06:44,086 [http-nio-9090-exec-3] ERROR o.f.teach.security.jwt.AuthEntryPointJwt           - Unauthorized error: /api/base/getPhotoImageStr:Full authentication is required to access this resource
2023-12-02 12:06:44,086 [http-nio-9090-exec-3] INFO  o.f.teach.security.jwt.AuthTokenFilter             - /api/base/getPhotoImageStr,,2023-12-02 12:06:44,0.003
2023-12-02 12:06:44,201 [http-nio-9090-exec-4] ERROR o.fatmansoft.teach.security.jwt.JwtUtils           - JWT token is expired: JWT expired at 2023-10-22T15:02:40Z. Current time: 2023-12-02T12:06:44Z, a difference of 3531844201 milliseconds.  Allowed clock skew: 0 milliseconds.
2023-12-02 12:06:44,202 [http-nio-9090-exec-4] ERROR o.f.teach.security.jwt.AuthEntryPointJwt           - Unauthorized error: /api/statistics/getMainPageData:Full authentication is required to access this resource
2023-12-02 12:06:44,202 [http-nio-9090-exec-4] INFO  o.f.teach.security.jwt.AuthTokenFilter             - /api/statistics/getMainPageData,,2023-12-02 12:06:44,0.002
2023-12-02 12:06:56,324 [http-nio-9090-exec-5] ERROR o.f.teach.security.jwt.AuthEntryPointJwt           - Unauthorized error: /api/base/getPhotoImageStr:Full authentication is required to access this resource
2023-12-02 12:06:56,325 [http-nio-9090-exec-5] INFO  o.f.teach.security.jwt.AuthTokenFilter             - /api/base/getPhotoImageStr,,2023-12-02 12:06:56,0.001
2023-12-02 12:06:57,852 [http-nio-9090-exec-6] INFO  o.f.teach.security.jwt.AuthTokenFilter             - /auth/getValidateCode,,2023-12-02 12:06:57,0.323
2023-12-02 12:07:12,273 [SpringApplicationShutdownHook] INFO  o.s.o.j.LocalContainerEntityManagerFactoryBean     - Closing JPA EntityManagerFactory for persistence unit 'default'
2023-12-02 12:07:12,275 [SpringApplicationShutdownHook] INFO  com.zaxxer.hikari.HikariDataSource                 - HikariPool-1 - Shutdown initiated...
2023-12-02 12:07:12,278 [SpringApplicationShutdownHook] INFO  com.zaxxer.hikari.HikariDataSource                 - HikariPool-1 - Shutdown completed.
